[0.015s] Invoking command in '/home/ROS2_gopigo_ws/build/robot_description': CMAKE_PREFIX_PATH=${CMAKE_PREFIX_PATH}:/home/ROS2_rUBot_tutorial_ws/install/ros2_tutorial:/opt/ros/humble /usr/bin/cmake /home/ROS2_gopigo_ws/src/robot_description -DCMAKE_INSTALL_PREFIX=/home/ROS2_gopigo_ws/install/robot_description
[0.058s] -- The C compiler identification is GNU 11.4.0
[0.107s] -- The CXX compiler identification is GNU 11.4.0
[0.113s] -- Detecting C compiler ABI info
[0.164s] -- Detecting C compiler ABI info - done
[0.170s] -- Check for working C compiler: /usr/bin/cc - skipped
[0.170s] -- Detecting C compile features
[0.171s] -- Detecting C compile features - done
[0.173s] -- Detecting CXX compiler ABI info
[0.228s] -- Detecting CXX compiler ABI info - done
[0.235s] -- Check for working CXX compiler: /usr/bin/c++ - skipped
[0.235s] -- Detecting CXX compile features
[0.235s] -- Detecting CXX compile features - done
[0.238s] -- Found ament_cmake: 1.3.5 (/opt/ros/humble/share/ament_cmake/cmake)
[0.375s] -- Found Python3: /usr/bin/python3.10 (found version "3.10.12") found components: Interpreter 
[0.500s] -- Configuring done
[0.503s] -- Generating done
[0.504s] -- Build files have been written to: /home/ROS2_gopigo_ws/build/robot_description
[0.508s] Invoked command in '/home/ROS2_gopigo_ws/build/robot_description' returned '0': CMAKE_PREFIX_PATH=${CMAKE_PREFIX_PATH}:/home/ROS2_rUBot_tutorial_ws/install/ros2_tutorial:/opt/ros/humble /usr/bin/cmake /home/ROS2_gopigo_ws/src/robot_description -DCMAKE_INSTALL_PREFIX=/home/ROS2_gopigo_ws/install/robot_description
[0.511s] Invoking command in '/home/ROS2_gopigo_ws/build/robot_description': CMAKE_PREFIX_PATH=${CMAKE_PREFIX_PATH}:/home/ROS2_rUBot_tutorial_ws/install/ros2_tutorial:/opt/ros/humble /usr/bin/cmake --build /home/ROS2_gopigo_ws/build/robot_description -- -j8 -l8
[0.535s] Invoked command in '/home/ROS2_gopigo_ws/build/robot_description' returned '0': CMAKE_PREFIX_PATH=${CMAKE_PREFIX_PATH}:/home/ROS2_rUBot_tutorial_ws/install/ros2_tutorial:/opt/ros/humble /usr/bin/cmake --build /home/ROS2_gopigo_ws/build/robot_description -- -j8 -l8
[0.556s] Invoking command in '/home/ROS2_gopigo_ws/build/robot_description': CMAKE_PREFIX_PATH=${CMAKE_PREFIX_PATH}:/home/ROS2_rUBot_tutorial_ws/install/ros2_tutorial:/opt/ros/humble /usr/bin/cmake --install /home/ROS2_gopigo_ws/build/robot_description
[0.560s] -- Install configuration: ""
[0.561s] -- Up-to-date: /home/ROS2_gopigo_ws/install/robot_description/share/robot_description//urdf
[0.561s] -- Up-to-date: /home/ROS2_gopigo_ws/install/robot_description/share/robot_description//urdf/gopigo3_fromXacro.urdf
[0.561s] -- Up-to-date: /home/ROS2_gopigo_ws/install/robot_description/share/robot_description//urdf/gopigo_xacro
[0.561s] -- Up-to-date: /home/ROS2_gopigo_ws/install/robot_description/share/robot_description//urdf/gopigo_xacro/gopigo3.urdf.xacro
[0.561s] -- Up-to-date: /home/ROS2_gopigo_ws/install/robot_description/share/robot_description//urdf/gopigo_xacro/common_properties.xacro
[0.561s] -- Up-to-date: /home/ROS2_gopigo_ws/install/robot_description/share/robot_description//urdf/gopigo_xacro/gopigo3.gazebo.xacro
[0.561s] -- Up-to-date: /home/ROS2_gopigo_ws/install/robot_description/share/robot_description//urdf/gpgMin_rviz.urdf
[0.562s] -- Up-to-date: /home/ROS2_gopigo_ws/install/robot_description/share/robot_description//urdf/gopigo3rp.urdf
[0.562s] -- Up-to-date: /home/ROS2_gopigo_ws/install/robot_description/share/robot_description//urdf/my_robot.urdf
[0.562s] -- Up-to-date: /home/ROS2_gopigo_ws/install/robot_description/share/robot_description//urdf/gpgMin_gazebo.urdf
[0.562s] -- Up-to-date: /home/ROS2_gopigo_ws/install/robot_description/share/robot_description//urdf/gopigo3rp2.urdf
[0.562s] -- Up-to-date: /home/ROS2_gopigo_ws/install/robot_description/share/robot_description//launch
[0.562s] -- Up-to-date: /home/ROS2_gopigo_ws/install/robot_description/share/robot_description//launch/display.launch.py
[0.562s] -- Up-to-date: /home/ROS2_gopigo_ws/install/robot_description/share/robot_description//launch/display.launch.xml
[0.563s] -- Up-to-date: /home/ROS2_gopigo_ws/install/robot_description/share/robot_description//rviz
[0.563s] -- Up-to-date: /home/ROS2_gopigo_ws/install/robot_description/share/robot_description//rviz/urdf_base_config.rviz
[0.563s] -- Up-to-date: /home/ROS2_gopigo_ws/install/robot_description/share/robot_description//meshes
[0.563s] -- Up-to-date: /home/ROS2_gopigo_ws/install/robot_description/share/robot_description//meshes/Lidar.stl
[0.563s] -- Up-to-date: /home/ROS2_gopigo_ws/install/robot_description/share/robot_description//meshes/GoPiGo3_Wheel.stl
[0.563s] -- Up-to-date: /home/ROS2_gopigo_ws/install/robot_description/share/robot_description//meshes/piCamera.stl
[0.563s] -- Up-to-date: /home/ROS2_gopigo_ws/install/robot_description/share/robot_description//meshes/sensors
[0.563s] -- Up-to-date: /home/ROS2_gopigo_ws/install/robot_description/share/robot_description//meshes/sensors/lds.stl
[0.563s] -- Up-to-date: /home/ROS2_gopigo_ws/install/robot_description/share/robot_description//meshes/sensors/piCamera.stl
[0.563s] -- Up-to-date: /home/ROS2_gopigo_ws/install/robot_description/share/robot_description//meshes/sensors/X4.stl
[0.564s] -- Up-to-date: /home/ROS2_gopigo_ws/install/robot_description/share/robot_description//meshes/sensors/IR_Sensor_Sharp_GP2Y_solid.stl
[0.564s] -- Up-to-date: /home/ROS2_gopigo_ws/install/robot_description/share/robot_description//meshes/GoPiGo3_Body90.stl
[0.564s] -- Up-to-date: /home/ROS2_gopigo_ws/install/robot_description/share/robot_description//meshes/number2.stl
[0.564s] -- Up-to-date: /home/ROS2_gopigo_ws/install/robot_description/share/robot_description//meshes/GoPiGo3_Body.stl
[0.564s] -- Installing: /home/ROS2_gopigo_ws/install/robot_description/share/ament_index/resource_index/package_run_dependencies/robot_description
[0.564s] -- Installing: /home/ROS2_gopigo_ws/install/robot_description/share/ament_index/resource_index/parent_prefix_path/robot_description
[0.564s] -- Installing: /home/ROS2_gopigo_ws/install/robot_description/share/robot_description/environment/ament_prefix_path.sh
[0.564s] -- Installing: /home/ROS2_gopigo_ws/install/robot_description/share/robot_description/environment/ament_prefix_path.dsv
[0.565s] -- Installing: /home/ROS2_gopigo_ws/install/robot_description/share/robot_description/environment/path.sh
[0.565s] -- Installing: /home/ROS2_gopigo_ws/install/robot_description/share/robot_description/environment/path.dsv
[0.565s] -- Installing: /home/ROS2_gopigo_ws/install/robot_description/share/robot_description/local_setup.bash
[0.565s] -- Installing: /home/ROS2_gopigo_ws/install/robot_description/share/robot_description/local_setup.sh
[0.566s] -- Installing: /home/ROS2_gopigo_ws/install/robot_description/share/robot_description/local_setup.zsh
[0.567s] -- Installing: /home/ROS2_gopigo_ws/install/robot_description/share/robot_description/local_setup.dsv
[0.568s] -- Installing: /home/ROS2_gopigo_ws/install/robot_description/share/robot_description/package.dsv
[0.568s] -- Installing: /home/ROS2_gopigo_ws/install/robot_description/share/ament_index/resource_index/packages/robot_description
[0.568s] -- Installing: /home/ROS2_gopigo_ws/install/robot_description/share/robot_description/cmake/robot_descriptionConfig.cmake
[0.568s] -- Installing: /home/ROS2_gopigo_ws/install/robot_description/share/robot_description/cmake/robot_descriptionConfig-version.cmake
[0.569s] -- Up-to-date: /home/ROS2_gopigo_ws/install/robot_description/share/robot_description/package.xml
[0.569s] Invoked command in '/home/ROS2_gopigo_ws/build/robot_description' returned '0': CMAKE_PREFIX_PATH=${CMAKE_PREFIX_PATH}:/home/ROS2_rUBot_tutorial_ws/install/ros2_tutorial:/opt/ros/humble /usr/bin/cmake --install /home/ROS2_gopigo_ws/build/robot_description
