[0.310s] DEBUG:colcon:Command line arguments: ['/usr/bin/colcon', 'build']
[0.310s] DEBUG:colcon:Parsed command line arguments: Namespace(log_base=None, log_level=None, verb_name='build', build_base='build', install_base='install', merge_install=False, symlink_install=False, test_result_base=None, continue_on_error=False, executor='parallel', parallel_workers=8, event_handlers=None, ignore_user_meta=False, metas=['./colcon.meta'], base_paths=['.'], packages_ignore=None, packages_ignore_regex=None, paths=None, packages_up_to=None, packages_up_to_regex=None, packages_above=None, packages_above_and_dependencies=None, packages_above_depth=None, packages_select_by_dep=None, packages_skip_by_dep=None, packages_skip_up_to=None, packages_select_build_failed=False, packages_skip_build_finished=False, packages_select_test_failures=False, packages_skip_test_passed=False, packages_select=None, packages_skip=None, packages_select_regex=None, packages_skip_regex=None, packages_start=None, packages_end=None, cmake_args=None, cmake_target=None, cmake_target_skip_unavailable=False, cmake_clean_cache=False, cmake_clean_first=False, cmake_force_configure=False, ament_cmake_args=None, catkin_cmake_args=None, catkin_skip_building_tests=False, mixin_files=None, mixin=None, verb_parser=<colcon_mixin.mixin.mixin_argument.MixinArgumentDecorator object at 0x7fd69e7a4dc0>, verb_extension=<colcon_core.verb.build.BuildVerb object at 0x7fd69e7a4730>, main=<bound method BuildVerb.main of <colcon_core.verb.build.BuildVerb object at 0x7fd69e7a4730>>, mixin_verb=('build',))
[0.331s] Level 1:colcon.colcon_core.package_discovery:discover_packages(colcon_meta) check parameters
[0.331s] INFO:colcon.colcon_metadata.package_discovery.colcon_meta:Using configuration from '/root/.colcon/metadata/default/Gazebo.meta'
[0.332s] INFO:colcon.colcon_metadata.package_discovery.colcon_meta:Using configuration from '/root/.colcon/metadata/default/fastrtps.meta'
[0.332s] Level 1:colcon.colcon_core.package_discovery:discover_packages(recursive) check parameters
[0.332s] Level 1:colcon.colcon_core.package_discovery:discover_packages(ignore) check parameters
[0.332s] Level 1:colcon.colcon_core.package_discovery:discover_packages(path) check parameters
[0.332s] Level 1:colcon.colcon_core.package_discovery:discover_packages(colcon_meta) discover
[0.332s] Level 1:colcon.colcon_core.package_discovery:discover_packages(recursive) discover
[0.332s] INFO:colcon.colcon_core.package_discovery:Crawling recursively for packages in '/home/ROS2_gopigo_ws'
[0.332s] Level 1:colcon.colcon_core.package_identification:_identify(.) by extensions ['ignore', 'ignore_ament_install']
[0.332s] Level 1:colcon.colcon_core.package_identification:_identify(.) by extension 'ignore'
[0.332s] Level 1:colcon.colcon_core.package_identification:_identify(.) by extension 'ignore_ament_install'
[0.332s] Level 1:colcon.colcon_core.package_identification:_identify(.) by extensions ['colcon_pkg']
[0.332s] Level 1:colcon.colcon_core.package_identification:_identify(.) by extension 'colcon_pkg'
[0.332s] Level 1:colcon.colcon_core.package_identification:_identify(.) by extensions ['colcon_meta']
[0.332s] Level 1:colcon.colcon_core.package_identification:_identify(.) by extension 'colcon_meta'
[0.332s] Level 1:colcon.colcon_core.package_identification:_identify(.) by extensions ['ros']
[0.332s] Level 1:colcon.colcon_core.package_identification:_identify(.) by extension 'ros'
[0.341s] Level 1:colcon.colcon_core.package_identification:_identify(.) by extensions ['cmake', 'python']
[0.341s] Level 1:colcon.colcon_core.package_identification:_identify(.) by extension 'cmake'
[0.341s] Level 1:colcon.colcon_core.package_identification:_identify(.) by extension 'python'
[0.342s] Level 1:colcon.colcon_core.package_identification:_identify(.) by extensions ['python_setup_py']
[0.342s] Level 1:colcon.colcon_core.package_identification:_identify(.) by extension 'python_setup_py'
[0.342s] Level 1:colcon.colcon_core.package_identification:_identify(Documentation) by extensions ['ignore', 'ignore_ament_install']
[0.342s] Level 1:colcon.colcon_core.package_identification:_identify(Documentation) by extension 'ignore'
[0.342s] Level 1:colcon.colcon_core.package_identification:_identify(Documentation) by extension 'ignore_ament_install'
[0.342s] Level 1:colcon.colcon_core.package_identification:_identify(Documentation) by extensions ['colcon_pkg']
[0.342s] Level 1:colcon.colcon_core.package_identification:_identify(Documentation) by extension 'colcon_pkg'
[0.342s] Level 1:colcon.colcon_core.package_identification:_identify(Documentation) by extensions ['colcon_meta']
[0.342s] Level 1:colcon.colcon_core.package_identification:_identify(Documentation) by extension 'colcon_meta'
[0.342s] Level 1:colcon.colcon_core.package_identification:_identify(Documentation) by extensions ['ros']
[0.342s] Level 1:colcon.colcon_core.package_identification:_identify(Documentation) by extension 'ros'
[0.342s] Level 1:colcon.colcon_core.package_identification:_identify(Documentation) by extensions ['cmake', 'python']
[0.342s] Level 1:colcon.colcon_core.package_identification:_identify(Documentation) by extension 'cmake'
[0.342s] Level 1:colcon.colcon_core.package_identification:_identify(Documentation) by extension 'python'
[0.342s] Level 1:colcon.colcon_core.package_identification:_identify(Documentation) by extensions ['python_setup_py']
[0.342s] Level 1:colcon.colcon_core.package_identification:_identify(Documentation) by extension 'python_setup_py'
[0.342s] Level 1:colcon.colcon_core.package_identification:_identify(Documentation/Files) by extensions ['ignore', 'ignore_ament_install']
[0.342s] Level 1:colcon.colcon_core.package_identification:_identify(Documentation/Files) by extension 'ignore'
[0.342s] Level 1:colcon.colcon_core.package_identification:_identify(Documentation/Files) by extension 'ignore_ament_install'
[0.342s] Level 1:colcon.colcon_core.package_identification:_identify(Documentation/Files) by extensions ['colcon_pkg']
[0.342s] Level 1:colcon.colcon_core.package_identification:_identify(Documentation/Files) by extension 'colcon_pkg'
[0.343s] Level 1:colcon.colcon_core.package_identification:_identify(Documentation/Files) by extensions ['colcon_meta']
[0.343s] Level 1:colcon.colcon_core.package_identification:_identify(Documentation/Files) by extension 'colcon_meta'
[0.343s] Level 1:colcon.colcon_core.package_identification:_identify(Documentation/Files) by extensions ['ros']
[0.343s] Level 1:colcon.colcon_core.package_identification:_identify(Documentation/Files) by extension 'ros'
[0.343s] Level 1:colcon.colcon_core.package_identification:_identify(Documentation/Files) by extensions ['cmake', 'python']
[0.343s] Level 1:colcon.colcon_core.package_identification:_identify(Documentation/Files) by extension 'cmake'
[0.343s] Level 1:colcon.colcon_core.package_identification:_identify(Documentation/Files) by extension 'python'
[0.343s] Level 1:colcon.colcon_core.package_identification:_identify(Documentation/Files) by extensions ['python_setup_py']
[0.343s] Level 1:colcon.colcon_core.package_identification:_identify(Documentation/Files) by extension 'python_setup_py'
[0.343s] Level 1:colcon.colcon_core.package_identification:_identify(Documentation/Images) by extensions ['ignore', 'ignore_ament_install']
[0.343s] Level 1:colcon.colcon_core.package_identification:_identify(Documentation/Images) by extension 'ignore'
[0.343s] Level 1:colcon.colcon_core.package_identification:_identify(Documentation/Images) by extension 'ignore_ament_install'
[0.343s] Level 1:colcon.colcon_core.package_identification:_identify(Documentation/Images) by extensions ['colcon_pkg']
[0.343s] Level 1:colcon.colcon_core.package_identification:_identify(Documentation/Images) by extension 'colcon_pkg'
[0.343s] Level 1:colcon.colcon_core.package_identification:_identify(Documentation/Images) by extensions ['colcon_meta']
[0.343s] Level 1:colcon.colcon_core.package_identification:_identify(Documentation/Images) by extension 'colcon_meta'
[0.343s] Level 1:colcon.colcon_core.package_identification:_identify(Documentation/Images) by extensions ['ros']
[0.343s] Level 1:colcon.colcon_core.package_identification:_identify(Documentation/Images) by extension 'ros'
[0.343s] Level 1:colcon.colcon_core.package_identification:_identify(Documentation/Images) by extensions ['cmake', 'python']
[0.343s] Level 1:colcon.colcon_core.package_identification:_identify(Documentation/Images) by extension 'cmake'
[0.344s] Level 1:colcon.colcon_core.package_identification:_identify(Documentation/Images) by extension 'python'
[0.344s] Level 1:colcon.colcon_core.package_identification:_identify(Documentation/Images) by extensions ['python_setup_py']
[0.344s] Level 1:colcon.colcon_core.package_identification:_identify(Documentation/Images) by extension 'python_setup_py'
[0.344s] Level 1:colcon.colcon_core.package_identification:_identify(Documentation/Images/01_Setup) by extensions ['ignore', 'ignore_ament_install']
[0.344s] Level 1:colcon.colcon_core.package_identification:_identify(Documentation/Images/01_Setup) by extension 'ignore'
[0.344s] Level 1:colcon.colcon_core.package_identification:_identify(Documentation/Images/01_Setup) by extension 'ignore_ament_install'
[0.344s] Level 1:colcon.colcon_core.package_identification:_identify(Documentation/Images/01_Setup) by extensions ['colcon_pkg']
[0.344s] Level 1:colcon.colcon_core.package_identification:_identify(Documentation/Images/01_Setup) by extension 'colcon_pkg'
[0.344s] Level 1:colcon.colcon_core.package_identification:_identify(Documentation/Images/01_Setup) by extensions ['colcon_meta']
[0.344s] Level 1:colcon.colcon_core.package_identification:_identify(Documentation/Images/01_Setup) by extension 'colcon_meta'
[0.344s] Level 1:colcon.colcon_core.package_identification:_identify(Documentation/Images/01_Setup) by extensions ['ros']
[0.344s] Level 1:colcon.colcon_core.package_identification:_identify(Documentation/Images/01_Setup) by extension 'ros'
[0.344s] Level 1:colcon.colcon_core.package_identification:_identify(Documentation/Images/01_Setup) by extensions ['cmake', 'python']
[0.344s] Level 1:colcon.colcon_core.package_identification:_identify(Documentation/Images/01_Setup) by extension 'cmake'
[0.344s] Level 1:colcon.colcon_core.package_identification:_identify(Documentation/Images/01_Setup) by extension 'python'
[0.344s] Level 1:colcon.colcon_core.package_identification:_identify(Documentation/Images/01_Setup) by extensions ['python_setup_py']
[0.344s] Level 1:colcon.colcon_core.package_identification:_identify(Documentation/Images/01_Setup) by extension 'python_setup_py'
[0.344s] Level 1:colcon.colcon_core.package_identification:_identify(Documentation/Images/02_Model) by extensions ['ignore', 'ignore_ament_install']
[0.344s] Level 1:colcon.colcon_core.package_identification:_identify(Documentation/Images/02_Model) by extension 'ignore'
[0.344s] Level 1:colcon.colcon_core.package_identification:_identify(Documentation/Images/02_Model) by extension 'ignore_ament_install'
[0.344s] Level 1:colcon.colcon_core.package_identification:_identify(Documentation/Images/02_Model) by extensions ['colcon_pkg']
[0.345s] Level 1:colcon.colcon_core.package_identification:_identify(Documentation/Images/02_Model) by extension 'colcon_pkg'
[0.345s] Level 1:colcon.colcon_core.package_identification:_identify(Documentation/Images/02_Model) by extensions ['colcon_meta']
[0.345s] Level 1:colcon.colcon_core.package_identification:_identify(Documentation/Images/02_Model) by extension 'colcon_meta'
[0.345s] Level 1:colcon.colcon_core.package_identification:_identify(Documentation/Images/02_Model) by extensions ['ros']
[0.345s] Level 1:colcon.colcon_core.package_identification:_identify(Documentation/Images/02_Model) by extension 'ros'
[0.345s] Level 1:colcon.colcon_core.package_identification:_identify(Documentation/Images/02_Model) by extensions ['cmake', 'python']
[0.345s] Level 1:colcon.colcon_core.package_identification:_identify(Documentation/Images/02_Model) by extension 'cmake'
[0.345s] Level 1:colcon.colcon_core.package_identification:_identify(Documentation/Images/02_Model) by extension 'python'
[0.345s] Level 1:colcon.colcon_core.package_identification:_identify(Documentation/Images/02_Model) by extensions ['python_setup_py']
[0.345s] Level 1:colcon.colcon_core.package_identification:_identify(Documentation/Images/02_Model) by extension 'python_setup_py'
[0.345s] Level 1:colcon.colcon_core.package_identification:_identify(build) by extensions ['ignore', 'ignore_ament_install']
[0.345s] Level 1:colcon.colcon_core.package_identification:_identify(build) by extension 'ignore'
[0.345s] Level 1:colcon.colcon_core.package_identification:_identify(build) ignored
[0.345s] Level 1:colcon.colcon_core.package_identification:_identify(install) by extensions ['ignore', 'ignore_ament_install']
[0.345s] Level 1:colcon.colcon_core.package_identification:_identify(install) by extension 'ignore'
[0.345s] Level 1:colcon.colcon_core.package_identification:_identify(install) ignored
[0.345s] Level 1:colcon.colcon_core.package_identification:_identify(log) by extensions ['ignore', 'ignore_ament_install']
[0.345s] Level 1:colcon.colcon_core.package_identification:_identify(log) by extension 'ignore'
[0.345s] Level 1:colcon.colcon_core.package_identification:_identify(log) ignored
[0.346s] Level 1:colcon.colcon_core.package_identification:_identify(src) by extensions ['ignore', 'ignore_ament_install']
[0.346s] Level 1:colcon.colcon_core.package_identification:_identify(src) by extension 'ignore'
[0.346s] Level 1:colcon.colcon_core.package_identification:_identify(src) by extension 'ignore_ament_install'
[0.346s] Level 1:colcon.colcon_core.package_identification:_identify(src) by extensions ['colcon_pkg']
[0.346s] Level 1:colcon.colcon_core.package_identification:_identify(src) by extension 'colcon_pkg'
[0.346s] Level 1:colcon.colcon_core.package_identification:_identify(src) by extensions ['colcon_meta']
[0.346s] Level 1:colcon.colcon_core.package_identification:_identify(src) by extension 'colcon_meta'
[0.346s] Level 1:colcon.colcon_core.package_identification:_identify(src) by extensions ['ros']
[0.346s] Level 1:colcon.colcon_core.package_identification:_identify(src) by extension 'ros'
[0.346s] Level 1:colcon.colcon_core.package_identification:_identify(src) by extensions ['cmake', 'python']
[0.346s] Level 1:colcon.colcon_core.package_identification:_identify(src) by extension 'cmake'
[0.346s] Level 1:colcon.colcon_core.package_identification:_identify(src) by extension 'python'
[0.346s] Level 1:colcon.colcon_core.package_identification:_identify(src) by extensions ['python_setup_py']
[0.346s] Level 1:colcon.colcon_core.package_identification:_identify(src) by extension 'python_setup_py'
[0.346s] Level 1:colcon.colcon_core.package_identification:_identify(src/build) by extensions ['ignore', 'ignore_ament_install']
[0.346s] Level 1:colcon.colcon_core.package_identification:_identify(src/build) by extension 'ignore'
[0.346s] Level 1:colcon.colcon_core.package_identification:_identify(src/build) ignored
[0.346s] Level 1:colcon.colcon_core.package_identification:_identify(src/install) by extensions ['ignore', 'ignore_ament_install']
[0.346s] Level 1:colcon.colcon_core.package_identification:_identify(src/install) by extension 'ignore'
[0.346s] Level 1:colcon.colcon_core.package_identification:_identify(src/install) ignored
[0.347s] Level 1:colcon.colcon_core.package_identification:_identify(src/log) by extensions ['ignore', 'ignore_ament_install']
[0.347s] Level 1:colcon.colcon_core.package_identification:_identify(src/log) by extension 'ignore'
[0.347s] Level 1:colcon.colcon_core.package_identification:_identify(src/log) ignored
[0.347s] Level 1:colcon.colcon_core.package_identification:_identify(src/robot_bringup) by extensions ['ignore', 'ignore_ament_install']
[0.347s] Level 1:colcon.colcon_core.package_identification:_identify(src/robot_bringup) by extension 'ignore'
[0.347s] Level 1:colcon.colcon_core.package_identification:_identify(src/robot_bringup) by extension 'ignore_ament_install'
[0.347s] Level 1:colcon.colcon_core.package_identification:_identify(src/robot_bringup) by extensions ['colcon_pkg']
[0.347s] Level 1:colcon.colcon_core.package_identification:_identify(src/robot_bringup) by extension 'colcon_pkg'
[0.347s] Level 1:colcon.colcon_core.package_identification:_identify(src/robot_bringup) by extensions ['colcon_meta']
[0.347s] Level 1:colcon.colcon_core.package_identification:_identify(src/robot_bringup) by extension 'colcon_meta'
[0.347s] Level 1:colcon.colcon_core.package_identification:_identify(src/robot_bringup) by extensions ['ros']
[0.347s] Level 1:colcon.colcon_core.package_identification:_identify(src/robot_bringup) by extension 'ros'
[0.349s] DEBUG:colcon.colcon_core.package_identification:Package 'src/robot_bringup' with type 'ros.ament_cmake' and name 'robot_bringup'
[0.349s] Level 1:colcon.colcon_core.package_identification:_identify(src/robot_description) by extensions ['ignore', 'ignore_ament_install']
[0.349s] Level 1:colcon.colcon_core.package_identification:_identify(src/robot_description) by extension 'ignore'
[0.349s] Level 1:colcon.colcon_core.package_identification:_identify(src/robot_description) by extension 'ignore_ament_install'
[0.349s] Level 1:colcon.colcon_core.package_identification:_identify(src/robot_description) by extensions ['colcon_pkg']
[0.349s] Level 1:colcon.colcon_core.package_identification:_identify(src/robot_description) by extension 'colcon_pkg'
[0.349s] Level 1:colcon.colcon_core.package_identification:_identify(src/robot_description) by extensions ['colcon_meta']
[0.349s] Level 1:colcon.colcon_core.package_identification:_identify(src/robot_description) by extension 'colcon_meta'
[0.349s] Level 1:colcon.colcon_core.package_identification:_identify(src/robot_description) by extensions ['ros']
[0.350s] Level 1:colcon.colcon_core.package_identification:_identify(src/robot_description) by extension 'ros'
[0.350s] DEBUG:colcon.colcon_core.package_identification:Package 'src/robot_description' with type 'ros.ament_cmake' and name 'robot_description'
[0.350s] Level 1:colcon.colcon_core.package_discovery:discover_packages(recursive) using defaults
[0.350s] Level 1:colcon.colcon_core.package_discovery:discover_packages(ignore) discover
[0.350s] Level 1:colcon.colcon_core.package_discovery:discover_packages(ignore) using defaults
[0.350s] Level 1:colcon.colcon_core.package_discovery:discover_packages(path) discover
[0.350s] Level 1:colcon.colcon_core.package_discovery:discover_packages(path) using defaults
[0.371s] Level 5:colcon.colcon_core.verb:set package 'robot_description' build argument 'cmake_args' from command line to 'None'
[0.371s] Level 5:colcon.colcon_core.verb:set package 'robot_description' build argument 'cmake_target' from command line to 'None'
[0.371s] Level 5:colcon.colcon_core.verb:set package 'robot_description' build argument 'cmake_target_skip_unavailable' from command line to 'False'
[0.371s] Level 5:colcon.colcon_core.verb:set package 'robot_description' build argument 'cmake_clean_cache' from command line to 'False'
[0.371s] Level 5:colcon.colcon_core.verb:set package 'robot_description' build argument 'cmake_clean_first' from command line to 'False'
[0.371s] Level 5:colcon.colcon_core.verb:set package 'robot_description' build argument 'cmake_force_configure' from command line to 'False'
[0.371s] Level 5:colcon.colcon_core.verb:set package 'robot_description' build argument 'ament_cmake_args' from command line to 'None'
[0.371s] Level 5:colcon.colcon_core.verb:set package 'robot_description' build argument 'catkin_cmake_args' from command line to 'None'
[0.371s] Level 5:colcon.colcon_core.verb:set package 'robot_description' build argument 'catkin_skip_building_tests' from command line to 'False'
[0.371s] DEBUG:colcon.colcon_core.verb:Building package 'robot_description' with the following arguments: {'ament_cmake_args': None, 'build_base': '/home/ROS2_gopigo_ws/build/robot_description', 'catkin_cmake_args': None, 'catkin_skip_building_tests': False, 'cmake_args': None, 'cmake_clean_cache': False, 'cmake_clean_first': False, 'cmake_force_configure': False, 'cmake_target': None, 'cmake_target_skip_unavailable': False, 'install_base': '/home/ROS2_gopigo_ws/install/robot_description', 'merge_install': False, 'path': '/home/ROS2_gopigo_ws/src/robot_description', 'symlink_install': False, 'test_result_base': None}
[0.372s] Level 5:colcon.colcon_core.verb:set package 'robot_bringup' build argument 'cmake_args' from command line to 'None'
[0.372s] Level 5:colcon.colcon_core.verb:set package 'robot_bringup' build argument 'cmake_target' from command line to 'None'
[0.372s] Level 5:colcon.colcon_core.verb:set package 'robot_bringup' build argument 'cmake_target_skip_unavailable' from command line to 'False'
[0.372s] Level 5:colcon.colcon_core.verb:set package 'robot_bringup' build argument 'cmake_clean_cache' from command line to 'False'
[0.372s] Level 5:colcon.colcon_core.verb:set package 'robot_bringup' build argument 'cmake_clean_first' from command line to 'False'
[0.372s] Level 5:colcon.colcon_core.verb:set package 'robot_bringup' build argument 'cmake_force_configure' from command line to 'False'
[0.372s] Level 5:colcon.colcon_core.verb:set package 'robot_bringup' build argument 'ament_cmake_args' from command line to 'None'
[0.372s] Level 5:colcon.colcon_core.verb:set package 'robot_bringup' build argument 'catkin_cmake_args' from command line to 'None'
[0.372s] Level 5:colcon.colcon_core.verb:set package 'robot_bringup' build argument 'catkin_skip_building_tests' from command line to 'False'
[0.372s] DEBUG:colcon.colcon_core.verb:Building package 'robot_bringup' with the following arguments: {'ament_cmake_args': None, 'build_base': '/home/ROS2_gopigo_ws/build/robot_bringup', 'catkin_cmake_args': None, 'catkin_skip_building_tests': False, 'cmake_args': None, 'cmake_clean_cache': False, 'cmake_clean_first': False, 'cmake_force_configure': False, 'cmake_target': None, 'cmake_target_skip_unavailable': False, 'install_base': '/home/ROS2_gopigo_ws/install/robot_bringup', 'merge_install': False, 'path': '/home/ROS2_gopigo_ws/src/robot_bringup', 'symlink_install': False, 'test_result_base': None}
[0.373s] INFO:colcon.colcon_core.executor:Executing jobs using 'parallel' executor
[0.376s] DEBUG:colcon.colcon_parallel_executor.executor.parallel:run_until_complete
[0.376s] INFO:colcon.colcon_ros.task.ament_cmake.build:Building ROS package in '/home/ROS2_gopigo_ws/src/robot_description' with build type 'ament_cmake'
[0.376s] INFO:colcon.colcon_cmake.task.cmake.build:Building CMake package in '/home/ROS2_gopigo_ws/src/robot_description'
[0.380s] INFO:colcon.colcon_core.plugin_system:Skipping extension 'colcon_core.shell.bat': Not used on non-Windows systems
[0.380s] INFO:colcon.colcon_core.shell:Skip shell extension 'powershell' for command environment: Not usable outside of PowerShell
[0.381s] DEBUG:colcon.colcon_core.shell:Skip shell extension 'dsv' for command environment
[0.394s] DEBUG:colcon.colcon_core.event_handler.log_command:Invoking command in '/home/ROS2_gopigo_ws/build/robot_description': CMAKE_PREFIX_PATH=${CMAKE_PREFIX_PATH}:/home/ROS2_rUBot_ws/install/rubot_description:/home/ROS2_rUBot_ws/install/rubot_control:/home/ROS2_rUBot_ws/install/ros2_tutorial:/opt/ros/humble /usr/bin/cmake --build /home/ROS2_gopigo_ws/build/robot_description -- -j8 -l8
[0.419s] DEBUG:colcon.colcon_core.event_handler.log_command:Invoked command in '/home/ROS2_gopigo_ws/build/robot_description' returned '0': CMAKE_PREFIX_PATH=${CMAKE_PREFIX_PATH}:/home/ROS2_rUBot_ws/install/rubot_description:/home/ROS2_rUBot_ws/install/rubot_control:/home/ROS2_rUBot_ws/install/ros2_tutorial:/opt/ros/humble /usr/bin/cmake --build /home/ROS2_gopigo_ws/build/robot_description -- -j8 -l8
[0.441s] DEBUG:colcon.colcon_core.event_handler.log_command:Invoking command in '/home/ROS2_gopigo_ws/build/robot_description': CMAKE_PREFIX_PATH=${CMAKE_PREFIX_PATH}:/home/ROS2_rUBot_ws/install/rubot_description:/home/ROS2_rUBot_ws/install/rubot_control:/home/ROS2_rUBot_ws/install/ros2_tutorial:/opt/ros/humble /usr/bin/cmake --install /home/ROS2_gopigo_ws/build/robot_description
[0.451s] Level 1:colcon.colcon_core.environment:create_environment_scripts_only(robot_description)
[0.452s] DEBUG:colcon.colcon_core.event_handler.log_command:Invoked command in '/home/ROS2_gopigo_ws/build/robot_description' returned '0': CMAKE_PREFIX_PATH=${CMAKE_PREFIX_PATH}:/home/ROS2_rUBot_ws/install/rubot_description:/home/ROS2_rUBot_ws/install/rubot_control:/home/ROS2_rUBot_ws/install/ros2_tutorial:/opt/ros/humble /usr/bin/cmake --install /home/ROS2_gopigo_ws/build/robot_description
[0.456s] Level 1:colcon.colcon_core.environment:checking '/home/ROS2_gopigo_ws/install/robot_description' for CMake module files
[0.457s] Level 1:colcon.colcon_core.environment:checking '/home/ROS2_gopigo_ws/install/robot_description' for CMake config files
[0.457s] Level 1:colcon.colcon_core.shell:create_environment_hook('robot_description', 'cmake_prefix_path')
[0.458s] INFO:colcon.colcon_core.shell:Creating environment hook '/home/ROS2_gopigo_ws/install/robot_description/share/robot_description/hook/cmake_prefix_path.ps1'
[0.459s] INFO:colcon.colcon_core.shell:Creating environment descriptor '/home/ROS2_gopigo_ws/install/robot_description/share/robot_description/hook/cmake_prefix_path.dsv'
[0.459s] INFO:colcon.colcon_core.shell:Creating environment hook '/home/ROS2_gopigo_ws/install/robot_description/share/robot_description/hook/cmake_prefix_path.sh'
[0.460s] Level 1:colcon.colcon_core.environment:checking '/home/ROS2_gopigo_ws/install/robot_description/bin'
[0.460s] Level 1:colcon.colcon_core.environment:checking '/home/ROS2_gopigo_ws/install/robot_description/lib/pkgconfig/robot_description.pc'
[0.462s] Level 1:colcon.colcon_core.environment:checking '/home/ROS2_gopigo_ws/install/robot_description/lib/python3.10/site-packages'
[0.462s] Level 1:colcon.colcon_core.environment:checking '/home/ROS2_gopigo_ws/install/robot_description/bin'
[0.464s] INFO:colcon.colcon_core.shell:Creating package script '/home/ROS2_gopigo_ws/install/robot_description/share/robot_description/package.ps1'
[0.464s] INFO:colcon.colcon_core.shell:Creating package descriptor '/home/ROS2_gopigo_ws/install/robot_description/share/robot_description/package.dsv'
[0.465s] INFO:colcon.colcon_core.shell:Creating package script '/home/ROS2_gopigo_ws/install/robot_description/share/robot_description/package.sh'
[0.466s] INFO:colcon.colcon_core.shell:Creating package script '/home/ROS2_gopigo_ws/install/robot_description/share/robot_description/package.bash'
[0.467s] INFO:colcon.colcon_core.shell:Creating package script '/home/ROS2_gopigo_ws/install/robot_description/share/robot_description/package.zsh'
[0.467s] Level 1:colcon.colcon_core.environment:create_file_with_runtime_dependencies(/home/ROS2_gopigo_ws/install/robot_description/share/colcon-core/packages/robot_description)
[0.484s] Level 1:colcon.colcon_core.environment:create_environment_scripts_only(robot_description)
[0.486s] Level 1:colcon.colcon_core.environment:checking '/home/ROS2_gopigo_ws/install/robot_description' for CMake module files
[0.487s] Level 1:colcon.colcon_core.environment:checking '/home/ROS2_gopigo_ws/install/robot_description' for CMake config files
[0.487s] Level 1:colcon.colcon_core.shell:create_environment_hook('robot_description', 'cmake_prefix_path')
[0.489s] INFO:colcon.colcon_core.shell:Creating environment hook '/home/ROS2_gopigo_ws/install/robot_description/share/robot_description/hook/cmake_prefix_path.ps1'
[0.490s] INFO:colcon.colcon_core.shell:Creating environment descriptor '/home/ROS2_gopigo_ws/install/robot_description/share/robot_description/hook/cmake_prefix_path.dsv'
[0.490s] INFO:colcon.colcon_core.shell:Creating environment hook '/home/ROS2_gopigo_ws/install/robot_description/share/robot_description/hook/cmake_prefix_path.sh'
[0.490s] Level 1:colcon.colcon_core.environment:checking '/home/ROS2_gopigo_ws/install/robot_description/bin'
[0.490s] Level 1:colcon.colcon_core.environment:checking '/home/ROS2_gopigo_ws/install/robot_description/lib/pkgconfig/robot_description.pc'
[0.491s] Level 1:colcon.colcon_core.environment:checking '/home/ROS2_gopigo_ws/install/robot_description/lib/python3.10/site-packages'
[0.491s] Level 1:colcon.colcon_core.environment:checking '/home/ROS2_gopigo_ws/install/robot_description/bin'
[0.492s] INFO:colcon.colcon_core.shell:Creating package script '/home/ROS2_gopigo_ws/install/robot_description/share/robot_description/package.ps1'
[0.493s] INFO:colcon.colcon_core.shell:Creating package descriptor '/home/ROS2_gopigo_ws/install/robot_description/share/robot_description/package.dsv'
[0.493s] INFO:colcon.colcon_core.shell:Creating package script '/home/ROS2_gopigo_ws/install/robot_description/share/robot_description/package.sh'
[0.494s] INFO:colcon.colcon_core.shell:Creating package script '/home/ROS2_gopigo_ws/install/robot_description/share/robot_description/package.bash'
[0.494s] INFO:colcon.colcon_core.shell:Creating package script '/home/ROS2_gopigo_ws/install/robot_description/share/robot_description/package.zsh'
[0.495s] Level 1:colcon.colcon_core.environment:create_file_with_runtime_dependencies(/home/ROS2_gopigo_ws/install/robot_description/share/colcon-core/packages/robot_description)
[0.495s] INFO:colcon.colcon_ros.task.ament_cmake.build:Building ROS package in '/home/ROS2_gopigo_ws/src/robot_bringup' with build type 'ament_cmake'
[0.495s] INFO:colcon.colcon_cmake.task.cmake.build:Building CMake package in '/home/ROS2_gopigo_ws/src/robot_bringup'
[0.497s] INFO:colcon.colcon_core.shell:Skip shell extension 'powershell' for command environment: Not usable outside of PowerShell
[0.497s] DEBUG:colcon.colcon_core.shell:Skip shell extension 'dsv' for command environment
[0.510s] DEBUG:colcon.colcon_core.event_handler.log_command:Invoking command in '/home/ROS2_gopigo_ws/build/robot_bringup': CMAKE_PREFIX_PATH=/home/ROS2_gopigo_ws/install/robot_description:/home/ROS2_gopigo_ws/install/robot_bringup:/home/ROS2_rUBot_ws/install/robot_bringup:/home/ROS2_rUBot_ws/install/robot_description:/home/ROS2_rUBot_ws/install/my_robot_bringup:/home/ROS2_rUBot_ws/install/my_robot_description:/home/ROS2_rUBot_ws/install/rubot_description:/home/ROS2_rUBot_ws/install/rubot_control:/home/ROS2_rUBot_ws/install/ros2_tutorial:/opt/ros/humble /usr/bin/cmake --build /home/ROS2_gopigo_ws/build/robot_bringup -- -j8 -l8
[0.538s] DEBUG:colcon.colcon_core.event_handler.log_command:Invoked command in '/home/ROS2_gopigo_ws/build/robot_bringup' returned '0': CMAKE_PREFIX_PATH=/home/ROS2_gopigo_ws/install/robot_description:/home/ROS2_gopigo_ws/install/robot_bringup:/home/ROS2_rUBot_ws/install/robot_bringup:/home/ROS2_rUBot_ws/install/robot_description:/home/ROS2_rUBot_ws/install/my_robot_bringup:/home/ROS2_rUBot_ws/install/my_robot_description:/home/ROS2_rUBot_ws/install/rubot_description:/home/ROS2_rUBot_ws/install/rubot_control:/home/ROS2_rUBot_ws/install/ros2_tutorial:/opt/ros/humble /usr/bin/cmake --build /home/ROS2_gopigo_ws/build/robot_bringup -- -j8 -l8
[0.555s] DEBUG:colcon.colcon_core.event_handler.log_command:Invoking command in '/home/ROS2_gopigo_ws/build/robot_bringup': CMAKE_PREFIX_PATH=/home/ROS2_gopigo_ws/install/robot_description:/home/ROS2_gopigo_ws/install/robot_bringup:/home/ROS2_rUBot_ws/install/robot_bringup:/home/ROS2_rUBot_ws/install/robot_description:/home/ROS2_rUBot_ws/install/my_robot_bringup:/home/ROS2_rUBot_ws/install/my_robot_description:/home/ROS2_rUBot_ws/install/rubot_description:/home/ROS2_rUBot_ws/install/rubot_control:/home/ROS2_rUBot_ws/install/ros2_tutorial:/opt/ros/humble /usr/bin/cmake --install /home/ROS2_gopigo_ws/build/robot_bringup
[0.561s] Level 1:colcon.colcon_core.environment:create_environment_scripts_only(robot_bringup)
[0.565s] Level 1:colcon.colcon_core.environment:checking '/home/ROS2_gopigo_ws/install/robot_bringup' for CMake module files
[0.566s] DEBUG:colcon.colcon_core.event_handler.log_command:Invoked command in '/home/ROS2_gopigo_ws/build/robot_bringup' returned '0': CMAKE_PREFIX_PATH=/home/ROS2_gopigo_ws/install/robot_description:/home/ROS2_gopigo_ws/install/robot_bringup:/home/ROS2_rUBot_ws/install/robot_bringup:/home/ROS2_rUBot_ws/install/robot_description:/home/ROS2_rUBot_ws/install/my_robot_bringup:/home/ROS2_rUBot_ws/install/my_robot_description:/home/ROS2_rUBot_ws/install/rubot_description:/home/ROS2_rUBot_ws/install/rubot_control:/home/ROS2_rUBot_ws/install/ros2_tutorial:/opt/ros/humble /usr/bin/cmake --install /home/ROS2_gopigo_ws/build/robot_bringup
[0.566s] Level 1:colcon.colcon_core.environment:checking '/home/ROS2_gopigo_ws/install/robot_bringup' for CMake config files
[0.567s] Level 1:colcon.colcon_core.shell:create_environment_hook('robot_bringup', 'cmake_prefix_path')
[0.569s] INFO:colcon.colcon_core.shell:Creating environment hook '/home/ROS2_gopigo_ws/install/robot_bringup/share/robot_bringup/hook/cmake_prefix_path.ps1'
[0.569s] INFO:colcon.colcon_core.shell:Creating environment descriptor '/home/ROS2_gopigo_ws/install/robot_bringup/share/robot_bringup/hook/cmake_prefix_path.dsv'
[0.569s] INFO:colcon.colcon_core.shell:Creating environment hook '/home/ROS2_gopigo_ws/install/robot_bringup/share/robot_bringup/hook/cmake_prefix_path.sh'
[0.570s] Level 1:colcon.colcon_core.environment:checking '/home/ROS2_gopigo_ws/install/robot_bringup/bin'
[0.570s] Level 1:colcon.colcon_core.environment:checking '/home/ROS2_gopigo_ws/install/robot_bringup/lib/pkgconfig/robot_bringup.pc'
[0.570s] Level 1:colcon.colcon_core.environment:checking '/home/ROS2_gopigo_ws/install/robot_bringup/lib/python3.10/site-packages'
[0.570s] Level 1:colcon.colcon_core.environment:checking '/home/ROS2_gopigo_ws/install/robot_bringup/bin'
[0.571s] INFO:colcon.colcon_core.shell:Creating package script '/home/ROS2_gopigo_ws/install/robot_bringup/share/robot_bringup/package.ps1'
[0.572s] INFO:colcon.colcon_core.shell:Creating package descriptor '/home/ROS2_gopigo_ws/install/robot_bringup/share/robot_bringup/package.dsv'
[0.572s] INFO:colcon.colcon_core.shell:Creating package script '/home/ROS2_gopigo_ws/install/robot_bringup/share/robot_bringup/package.sh'
[0.572s] INFO:colcon.colcon_core.shell:Creating package script '/home/ROS2_gopigo_ws/install/robot_bringup/share/robot_bringup/package.bash'
[0.573s] INFO:colcon.colcon_core.shell:Creating package script '/home/ROS2_gopigo_ws/install/robot_bringup/share/robot_bringup/package.zsh'
[0.573s] Level 1:colcon.colcon_core.environment:create_file_with_runtime_dependencies(/home/ROS2_gopigo_ws/install/robot_bringup/share/colcon-core/packages/robot_bringup)
[0.589s] Level 1:colcon.colcon_core.environment:create_environment_scripts_only(robot_bringup)
[0.591s] Level 1:colcon.colcon_core.environment:checking '/home/ROS2_gopigo_ws/install/robot_bringup' for CMake module files
[0.592s] Level 1:colcon.colcon_core.environment:checking '/home/ROS2_gopigo_ws/install/robot_bringup' for CMake config files
[0.592s] Level 1:colcon.colcon_core.shell:create_environment_hook('robot_bringup', 'cmake_prefix_path')
[0.593s] INFO:colcon.colcon_core.shell:Creating environment hook '/home/ROS2_gopigo_ws/install/robot_bringup/share/robot_bringup/hook/cmake_prefix_path.ps1'
[0.594s] INFO:colcon.colcon_core.shell:Creating environment descriptor '/home/ROS2_gopigo_ws/install/robot_bringup/share/robot_bringup/hook/cmake_prefix_path.dsv'
[0.594s] INFO:colcon.colcon_core.shell:Creating environment hook '/home/ROS2_gopigo_ws/install/robot_bringup/share/robot_bringup/hook/cmake_prefix_path.sh'
[0.594s] Level 1:colcon.colcon_core.environment:checking '/home/ROS2_gopigo_ws/install/robot_bringup/bin'
[0.594s] Level 1:colcon.colcon_core.environment:checking '/home/ROS2_gopigo_ws/install/robot_bringup/lib/pkgconfig/robot_bringup.pc'
[0.594s] Level 1:colcon.colcon_core.environment:checking '/home/ROS2_gopigo_ws/install/robot_bringup/lib/python3.10/site-packages'
[0.595s] Level 1:colcon.colcon_core.environment:checking '/home/ROS2_gopigo_ws/install/robot_bringup/bin'
[0.596s] INFO:colcon.colcon_core.shell:Creating package script '/home/ROS2_gopigo_ws/install/robot_bringup/share/robot_bringup/package.ps1'
[0.596s] INFO:colcon.colcon_core.shell:Creating package descriptor '/home/ROS2_gopigo_ws/install/robot_bringup/share/robot_bringup/package.dsv'
[0.597s] INFO:colcon.colcon_core.shell:Creating package script '/home/ROS2_gopigo_ws/install/robot_bringup/share/robot_bringup/package.sh'
[0.597s] INFO:colcon.colcon_core.shell:Creating package script '/home/ROS2_gopigo_ws/install/robot_bringup/share/robot_bringup/package.bash'
[0.598s] INFO:colcon.colcon_core.shell:Creating package script '/home/ROS2_gopigo_ws/install/robot_bringup/share/robot_bringup/package.zsh'
[0.598s] Level 1:colcon.colcon_core.environment:create_file_with_runtime_dependencies(/home/ROS2_gopigo_ws/install/robot_bringup/share/colcon-core/packages/robot_bringup)
[0.598s] DEBUG:colcon.colcon_parallel_executor.executor.parallel:closing loop
[0.599s] DEBUG:colcon.colcon_parallel_executor.executor.parallel:loop closed
[0.599s] DEBUG:colcon.colcon_parallel_executor.executor.parallel:run_until_complete finished with '0'
[0.599s] DEBUG:colcon.colcon_core.event_reactor:joining thread
[0.603s] INFO:colcon.colcon_core.plugin_system:Skipping extension 'colcon_notification.desktop_notification.notify_send': Could not find 'notify-send'
[0.603s] INFO:colcon.colcon_core.plugin_system:Skipping extension 'colcon_notification.desktop_notification.terminal_notifier': Not used on non-Darwin systems
[0.603s] INFO:colcon.colcon_core.plugin_system:Skipping extension 'colcon_notification.desktop_notification.win32': Not used on non-Windows systems
[0.603s] INFO:colcon.colcon_notification.desktop_notification:Sending desktop notification using 'notify2'
[0.605s] DEBUG:colcon.colcon_notification.desktop_notification.notify2:Failed to initialize notify2: org.freedesktop.DBus.Error.Spawn.ExecFailed: /usr/bin/dbus-launch terminated abnormally without any error message
[0.605s] DEBUG:colcon.colcon_core.event_reactor:joined thread
[0.607s] INFO:colcon.colcon_core.shell:Creating prefix script '/home/ROS2_gopigo_ws/install/local_setup.ps1'
[0.609s] INFO:colcon.colcon_core.shell:Creating prefix util module '/home/ROS2_gopigo_ws/install/_local_setup_util_ps1.py'
[0.610s] INFO:colcon.colcon_core.shell:Creating prefix chain script '/home/ROS2_gopigo_ws/install/setup.ps1'
[0.612s] INFO:colcon.colcon_core.shell:Creating prefix script '/home/ROS2_gopigo_ws/install/local_setup.sh'
[0.613s] INFO:colcon.colcon_core.shell:Creating prefix util module '/home/ROS2_gopigo_ws/install/_local_setup_util_sh.py'
[0.613s] INFO:colcon.colcon_core.shell:Creating prefix chain script '/home/ROS2_gopigo_ws/install/setup.sh'
[0.615s] INFO:colcon.colcon_core.shell:Creating prefix script '/home/ROS2_gopigo_ws/install/local_setup.bash'
[0.616s] INFO:colcon.colcon_core.shell:Creating prefix chain script '/home/ROS2_gopigo_ws/install/setup.bash'
[0.617s] INFO:colcon.colcon_core.shell:Creating prefix script '/home/ROS2_gopigo_ws/install/local_setup.zsh'
[0.618s] INFO:colcon.colcon_core.shell:Creating prefix chain script '/home/ROS2_gopigo_ws/install/setup.zsh'
