[0.014s] Invoking command in '/home/ROS2_gopigo_ws/build/robot_description': CMAKE_PREFIX_PATH=${CMAKE_PREFIX_PATH}:/home/ROS2_rUBot_ws/install/rubot_description:/home/ROS2_rUBot_ws/install/rubot_control:/home/ROS2_rUBot_ws/install/ros2_tutorial:/opt/ros/humble /usr/bin/cmake /home/ROS2_gopigo_ws/src/robot_description -DCMAKE_INSTALL_PREFIX=/home/ROS2_gopigo_ws/install/robot_description
[0.048s] -- The C compiler identification is GNU 11.4.0
[0.086s] -- The CXX compiler identification is GNU 11.4.0
[0.091s] -- Detecting C compiler ABI info
[0.137s] -- Detecting C compiler ABI info - done
[0.143s] -- Check for working C compiler: /usr/bin/cc - skipped
[0.143s] -- Detecting C compile features
[0.143s] -- Detecting C compile features - done
[0.146s] -- Detecting CXX compiler ABI info
[0.196s] -- Detecting CXX compiler ABI info - done
[0.202s] -- Check for working CXX compiler: /usr/bin/c++ - skipped
[0.203s] -- Detecting CXX compile features
[0.203s] -- Detecting CXX compile features - done
[0.206s] -- Found ament_cmake: 1.3.5 (/opt/ros/humble/share/ament_cmake/cmake)
[0.335s] -- Found Python3: /usr/bin/python3.10 (found version "3.10.12") found components: Interpreter 
[0.462s] -- Configuring done
[0.465s] -- Generating done
[0.465s] -- Build files have been written to: /home/ROS2_gopigo_ws/build/robot_description
[0.470s] Invoked command in '/home/ROS2_gopigo_ws/build/robot_description' returned '0': CMAKE_PREFIX_PATH=${CMAKE_PREFIX_PATH}:/home/ROS2_rUBot_ws/install/rubot_description:/home/ROS2_rUBot_ws/install/rubot_control:/home/ROS2_rUBot_ws/install/ros2_tutorial:/opt/ros/humble /usr/bin/cmake /home/ROS2_gopigo_ws/src/robot_description -DCMAKE_INSTALL_PREFIX=/home/ROS2_gopigo_ws/install/robot_description
[0.470s] Invoking command in '/home/ROS2_gopigo_ws/build/robot_description': CMAKE_PREFIX_PATH=${CMAKE_PREFIX_PATH}:/home/ROS2_rUBot_ws/install/rubot_description:/home/ROS2_rUBot_ws/install/rubot_control:/home/ROS2_rUBot_ws/install/ros2_tutorial:/opt/ros/humble /usr/bin/cmake --build /home/ROS2_gopigo_ws/build/robot_description -- -j8 -l8
[0.491s] Invoked command in '/home/ROS2_gopigo_ws/build/robot_description' returned '0': CMAKE_PREFIX_PATH=${CMAKE_PREFIX_PATH}:/home/ROS2_rUBot_ws/install/rubot_description:/home/ROS2_rUBot_ws/install/rubot_control:/home/ROS2_rUBot_ws/install/ros2_tutorial:/opt/ros/humble /usr/bin/cmake --build /home/ROS2_gopigo_ws/build/robot_description -- -j8 -l8
[0.512s] Invoking command in '/home/ROS2_gopigo_ws/build/robot_description': CMAKE_PREFIX_PATH=${CMAKE_PREFIX_PATH}:/home/ROS2_rUBot_ws/install/rubot_description:/home/ROS2_rUBot_ws/install/rubot_control:/home/ROS2_rUBot_ws/install/ros2_tutorial:/opt/ros/humble /usr/bin/cmake --install /home/ROS2_gopigo_ws/build/robot_description
[0.516s] -- Install configuration: ""
[0.516s] -- Installing: /home/ROS2_gopigo_ws/install/robot_description/share/robot_description//urdf
[0.516s] -- Installing: /home/ROS2_gopigo_ws/install/robot_description/share/robot_description//urdf/gpgMin.urdf
[0.516s] -- Installing: /home/ROS2_gopigo_ws/install/robot_description/share/robot_description//urdf/gopigoMinimal.urdf
[0.517s] -- Installing: /home/ROS2_gopigo_ws/install/robot_description/share/robot_description//urdf/keith_gpg.urdf
[0.517s] -- Installing: /home/ROS2_gopigo_ws/install/robot_description/share/robot_description//launch
[0.517s] -- Installing: /home/ROS2_gopigo_ws/install/robot_description/share/robot_description//rviz
[0.517s] -- Installing: /home/ROS2_gopigo_ws/install/robot_description/share/ament_index/resource_index/package_run_dependencies/robot_description
[0.517s] -- Installing: /home/ROS2_gopigo_ws/install/robot_description/share/ament_index/resource_index/parent_prefix_path/robot_description
[0.518s] -- Installing: /home/ROS2_gopigo_ws/install/robot_description/share/robot_description/environment/ament_prefix_path.sh
[0.518s] -- Installing: /home/ROS2_gopigo_ws/install/robot_description/share/robot_description/environment/ament_prefix_path.dsv
[0.518s] -- Installing: /home/ROS2_gopigo_ws/install/robot_description/share/robot_description/environment/path.sh
[0.518s] -- Installing: /home/ROS2_gopigo_ws/install/robot_description/share/robot_description/environment/path.dsv
[0.519s] -- Installing: /home/ROS2_gopigo_ws/install/robot_description/share/robot_description/local_setup.bash
[0.519s] -- Installing: /home/ROS2_gopigo_ws/install/robot_description/share/robot_description/local_setup.sh
[0.519s] -- Installing: /home/ROS2_gopigo_ws/install/robot_description/share/robot_description/local_setup.zsh
[0.519s] -- Installing: /home/ROS2_gopigo_ws/install/robot_description/share/robot_description/local_setup.dsv
[0.519s] -- Installing: /home/ROS2_gopigo_ws/install/robot_description/share/robot_description/package.dsv
[0.519s] -- Installing: /home/ROS2_gopigo_ws/install/robot_description/share/ament_index/resource_index/packages/robot_description
[0.519s] -- Installing: /home/ROS2_gopigo_ws/install/robot_description/share/robot_description/cmake/robot_descriptionConfig.cmake
[0.519s] -- Installing: /home/ROS2_gopigo_ws/install/robot_description/share/robot_description/cmake/robot_descriptionConfig-version.cmake
[0.519s] -- Installing: /home/ROS2_gopigo_ws/install/robot_description/share/robot_description/package.xml
[0.522s] Invoked command in '/home/ROS2_gopigo_ws/build/robot_description' returned '0': CMAKE_PREFIX_PATH=${CMAKE_PREFIX_PATH}:/home/ROS2_rUBot_ws/install/rubot_description:/home/ROS2_rUBot_ws/install/rubot_control:/home/ROS2_rUBot_ws/install/ros2_tutorial:/opt/ros/humble /usr/bin/cmake --install /home/ROS2_gopigo_ws/build/robot_description
