[0.014s] Invoking command in '/home/ROS2_gopigo_ws/build/robot_bringup': CMAKE_PREFIX_PATH=${CMAKE_PREFIX_PATH}:/home/ROS2_rUBot_ws/install/rubot_description:/home/ROS2_rUBot_ws/install/rubot_control:/home/ROS2_rUBot_ws/install/ros2_tutorial:/opt/ros/humble /usr/bin/cmake /home/ROS2_gopigo_ws/src/robot_bringup -DCMAKE_INSTALL_PREFIX=/home/ROS2_gopigo_ws/install/robot_bringup
[0.290s] -- The C compiler identification is GNU 11.4.0
[0.502s] -- The CXX compiler identification is GNU 11.4.0
[0.516s] -- Detecting C compiler ABI info
[0.583s] -- Detecting C compiler ABI info - done
[0.590s] -- Check for working C compiler: /usr/bin/cc - skipped
[0.591s] -- Detecting C compile features
[0.595s] -- Detecting C compile features - done
[0.601s] -- Detecting CXX compiler ABI info
[0.667s] -- Detecting CXX compiler ABI info - done
[0.676s] -- Check for working CXX compiler: /usr/bin/c++ - skipped
[0.677s] -- Detecting CXX compile features
[0.677s] -- Detecting CXX compile features - done
[0.701s] -- Found ament_cmake: 1.3.5 (/opt/ros/humble/share/ament_cmake/cmake)
[0.867s] -- Found Python3: /usr/bin/python3.10 (found version "3.10.12") found components: Interpreter 
[1.091s] -- Configuring done
[1.103s] -- Generating done
[1.104s] -- Build files have been written to: /home/ROS2_gopigo_ws/build/robot_bringup
[1.109s] Invoked command in '/home/ROS2_gopigo_ws/build/robot_bringup' returned '0': CMAKE_PREFIX_PATH=${CMAKE_PREFIX_PATH}:/home/ROS2_rUBot_ws/install/rubot_description:/home/ROS2_rUBot_ws/install/rubot_control:/home/ROS2_rUBot_ws/install/ros2_tutorial:/opt/ros/humble /usr/bin/cmake /home/ROS2_gopigo_ws/src/robot_bringup -DCMAKE_INSTALL_PREFIX=/home/ROS2_gopigo_ws/install/robot_bringup
[1.112s] Invoking command in '/home/ROS2_gopigo_ws/build/robot_bringup': CMAKE_PREFIX_PATH=${CMAKE_PREFIX_PATH}:/home/ROS2_rUBot_ws/install/rubot_description:/home/ROS2_rUBot_ws/install/rubot_control:/home/ROS2_rUBot_ws/install/ros2_tutorial:/opt/ros/humble /usr/bin/cmake --build /home/ROS2_gopigo_ws/build/robot_bringup -- -j8 -l8
[1.142s] Invoked command in '/home/ROS2_gopigo_ws/build/robot_bringup' returned '0': CMAKE_PREFIX_PATH=${CMAKE_PREFIX_PATH}:/home/ROS2_rUBot_ws/install/rubot_description:/home/ROS2_rUBot_ws/install/rubot_control:/home/ROS2_rUBot_ws/install/ros2_tutorial:/opt/ros/humble /usr/bin/cmake --build /home/ROS2_gopigo_ws/build/robot_bringup -- -j8 -l8
[1.169s] Invoking command in '/home/ROS2_gopigo_ws/build/robot_bringup': CMAKE_PREFIX_PATH=${CMAKE_PREFIX_PATH}:/home/ROS2_rUBot_ws/install/rubot_description:/home/ROS2_rUBot_ws/install/rubot_control:/home/ROS2_rUBot_ws/install/ros2_tutorial:/opt/ros/humble /usr/bin/cmake --install /home/ROS2_gopigo_ws/build/robot_bringup
[1.175s] -- Install configuration: ""
[1.175s] -- Installing: /home/ROS2_gopigo_ws/install/robot_bringup/share/robot_bringup//launch
[1.177s] -- Installing: /home/ROS2_gopigo_ws/install/robot_bringup/share/robot_bringup//launch/gopigo2rp_gazebo.launch.xml
[1.178s] -- Installing: /home/ROS2_gopigo_ws/install/robot_bringup/share/robot_bringup//rviz
[1.179s] -- Installing: /home/ROS2_gopigo_ws/install/robot_bringup/share/robot_bringup//rviz/urdf_base_config.rviz
[1.179s] -- Installing: /home/ROS2_gopigo_ws/install/robot_bringup/share/robot_bringup//worlds
[1.182s] -- Installing: /home/ROS2_gopigo_ws/install/robot_bringup/share/ament_index/resource_index/package_run_dependencies/robot_bringup
[1.182s] -- Installing: /home/ROS2_gopigo_ws/install/robot_bringup/share/ament_index/resource_index/parent_prefix_path/robot_bringup
[1.183s] -- Installing: /home/ROS2_gopigo_ws/install/robot_bringup/share/robot_bringup/environment/ament_prefix_path.sh
[1.183s] -- Installing: /home/ROS2_gopigo_ws/install/robot_bringup/share/robot_bringup/environment/ament_prefix_path.dsv
[1.183s] -- Installing: /home/ROS2_gopigo_ws/install/robot_bringup/share/robot_bringup/environment/path.sh
[1.183s] -- Installing: /home/ROS2_gopigo_ws/install/robot_bringup/share/robot_bringup/environment/path.dsv
[1.184s] -- Installing: /home/ROS2_gopigo_ws/install/robot_bringup/share/robot_bringup/local_setup.bash
[1.184s] -- Installing: /home/ROS2_gopigo_ws/install/robot_bringup/share/robot_bringup/local_setup.sh
[1.184s] -- Installing: /home/ROS2_gopigo_ws/install/robot_bringup/share/robot_bringup/local_setup.zsh
[1.184s] -- Installing: /home/ROS2_gopigo_ws/install/robot_bringup/share/robot_bringup/local_setup.dsv
[1.184s] -- Installing: /home/ROS2_gopigo_ws/install/robot_bringup/share/robot_bringup/package.dsv
[1.184s] -- Installing: /home/ROS2_gopigo_ws/install/robot_bringup/share/ament_index/resource_index/packages/robot_bringup
[1.187s] -- Installing: /home/ROS2_gopigo_ws/install/robot_bringup/share/robot_bringup/cmake/robot_bringupConfig.cmake
[1.187s] -- Installing: /home/ROS2_gopigo_ws/install/robot_bringup/share/robot_bringup/cmake/robot_bringupConfig-version.cmake
[1.188s] -- Installing: /home/ROS2_gopigo_ws/install/robot_bringup/share/robot_bringup/package.xml
[1.192s] Invoked command in '/home/ROS2_gopigo_ws/build/robot_bringup' returned '0': CMAKE_PREFIX_PATH=${CMAKE_PREFIX_PATH}:/home/ROS2_rUBot_ws/install/rubot_description:/home/ROS2_rUBot_ws/install/rubot_control:/home/ROS2_rUBot_ws/install/ros2_tutorial:/opt/ros/humble /usr/bin/cmake --install /home/ROS2_gopigo_ws/build/robot_bringup
