-- Install configuration: ""
-- Up-to-date: /home/ROS2_gopigo_ws/install/robot_description/share/robot_description//urdf
-- Up-to-date: /home/ROS2_gopigo_ws/install/robot_description/share/robot_description//urdf/gopigo_xacro
-- Up-to-date: /home/ROS2_gopigo_ws/install/robot_description/share/robot_description//urdf/gopigo_xacro/gopigo3.urdf.xacro
-- Up-to-date: /home/ROS2_gopigo_ws/install/robot_description/share/robot_description//urdf/gopigo_xacro/common_properties.xacro
-- Up-to-date: /home/ROS2_gopigo_ws/install/robot_description/share/robot_description//urdf/gopigo_xacro/gopigo3.gazebo.xacro
-- Up-to-date: /home/ROS2_gopigo_ws/install/robot_description/share/robot_description//urdf/gpgMin.urdf
-- Up-to-date: /home/ROS2_gopigo_ws/install/robot_description/share/robot_description//urdf/gopigo3rp.urdf
-- Up-to-date: /home/ROS2_gopigo_ws/install/robot_description/share/robot_description//urdf/gopigoMinimal.urdf
-- Up-to-date: /home/ROS2_gopigo_ws/install/robot_description/share/robot_description//urdf/keith_gpg.urdf
-- Up-to-date: /home/ROS2_gopigo_ws/install/robot_description/share/robot_description//urdf/gopigo3.urdf
-- Up-to-date: /home/ROS2_gopigo_ws/install/robot_description/share/robot_description//launch
-- Up-to-date: /home/ROS2_gopigo_ws/install/robot_description/share/robot_description//launch/display.launch.py
-- Up-to-date: /home/ROS2_gopigo_ws/install/robot_description/share/robot_description//launch/display.launch.xml
-- Up-to-date: /home/ROS2_gopigo_ws/install/robot_description/share/robot_description//rviz
-- Up-to-date: /home/ROS2_gopigo_ws/install/robot_description/share/robot_description//rviz/urdf_base_config.rviz
-- Up-to-date: /home/ROS2_gopigo_ws/install/robot_description/share/robot_description//meshes
-- Up-to-date: /home/ROS2_gopigo_ws/install/robot_description/share/robot_description//meshes/GoPiGo3_Body2.stl
-- Up-to-date: /home/ROS2_gopigo_ws/install/robot_description/share/robot_description//meshes/Lidar.stl
-- Up-to-date: /home/ROS2_gopigo_ws/install/robot_description/share/robot_description//meshes/GoPiGo3_Wheel.stl
-- Up-to-date: /home/ROS2_gopigo_ws/install/robot_description/share/robot_description//meshes/piCamera.stl
-- Up-to-date: /home/ROS2_gopigo_ws/install/robot_description/share/robot_description//meshes/sensors
-- Up-to-date: /home/ROS2_gopigo_ws/install/robot_description/share/robot_description//meshes/sensors/lds.stl
-- Up-to-date: /home/ROS2_gopigo_ws/install/robot_description/share/robot_description//meshes/sensors/piCamera.stl
-- Up-to-date: /home/ROS2_gopigo_ws/install/robot_description/share/robot_description//meshes/sensors/X4.stl
-- Up-to-date: /home/ROS2_gopigo_ws/install/robot_description/share/robot_description//meshes/sensors/IR_Sensor_Sharp_GP2Y_solid.stl
-- Up-to-date: /home/ROS2_gopigo_ws/install/robot_description/share/robot_description//meshes/number2.stl
-- Up-to-date: /home/ROS2_gopigo_ws/install/robot_description/share/robot_description//meshes/GoPiGo3_Body.stl
-- Up-to-date: /home/ROS2_gopigo_ws/install/robot_description/share/ament_index/resource_index/package_run_dependencies/robot_description
-- Up-to-date: /home/ROS2_gopigo_ws/install/robot_description/share/ament_index/resource_index/parent_prefix_path/robot_description
-- Up-to-date: /home/ROS2_gopigo_ws/install/robot_description/share/robot_description/environment/ament_prefix_path.sh
-- Up-to-date: /home/ROS2_gopigo_ws/install/robot_description/share/robot_description/environment/ament_prefix_path.dsv
-- Up-to-date: /home/ROS2_gopigo_ws/install/robot_description/share/robot_description/environment/path.sh
-- Up-to-date: /home/ROS2_gopigo_ws/install/robot_description/share/robot_description/environment/path.dsv
-- Up-to-date: /home/ROS2_gopigo_ws/install/robot_description/share/robot_description/local_setup.bash
-- Up-to-date: /home/ROS2_gopigo_ws/install/robot_description/share/robot_description/local_setup.sh
-- Up-to-date: /home/ROS2_gopigo_ws/install/robot_description/share/robot_description/local_setup.zsh
-- Up-to-date: /home/ROS2_gopigo_ws/install/robot_description/share/robot_description/local_setup.dsv
-- Installing: /home/ROS2_gopigo_ws/install/robot_description/share/robot_description/package.dsv
-- Up-to-date: /home/ROS2_gopigo_ws/install/robot_description/share/ament_index/resource_index/packages/robot_description
-- Up-to-date: /home/ROS2_gopigo_ws/install/robot_description/share/robot_description/cmake/robot_descriptionConfig.cmake
-- Up-to-date: /home/ROS2_gopigo_ws/install/robot_description/share/robot_description/cmake/robot_descriptionConfig-version.cmake
-- Up-to-date: /home/ROS2_gopigo_ws/install/robot_description/share/robot_description/package.xml
