[0.012s] Invoking command in '/home/ROS2_gopigo_ws/build/robot_bringup': AMENT_PREFIX_PATH=/home/ROS2_gopigo_ws/install/robot_description:${AMENT_PREFIX_PATH} CMAKE_PREFIX_PATH=/home/ROS2_gopigo_ws/install/robot_description:/home/ROS2_rUBot_ws/install/robot_bringup:/home/ROS2_rUBot_ws/install/robot_description:/home/ROS2_rUBot_ws/install/my_robot_bringup:/home/ROS2_rUBot_ws/install/my_robot_description:/home/ROS2_rUBot_ws/install/rubot_description:/home/ROS2_rUBot_ws/install/rubot_control:/home/ROS2_rUBot_ws/install/ros2_tutorial:/opt/ros/humble /usr/bin/cmake --build /home/ROS2_gopigo_ws/build/robot_bringup -- -j8 -l8
[0.043s] Invoked command in '/home/ROS2_gopigo_ws/build/robot_bringup' returned '0': AMENT_PREFIX_PATH=/home/ROS2_gopigo_ws/install/robot_description:${AMENT_PREFIX_PATH} CMAKE_PREFIX_PATH=/home/ROS2_gopigo_ws/install/robot_description:/home/ROS2_rUBot_ws/install/robot_bringup:/home/ROS2_rUBot_ws/install/robot_description:/home/ROS2_rUBot_ws/install/my_robot_bringup:/home/ROS2_rUBot_ws/install/my_robot_description:/home/ROS2_rUBot_ws/install/rubot_description:/home/ROS2_rUBot_ws/install/rubot_control:/home/ROS2_rUBot_ws/install/ros2_tutorial:/opt/ros/humble /usr/bin/cmake --build /home/ROS2_gopigo_ws/build/robot_bringup -- -j8 -l8
[0.058s] Invoking command in '/home/ROS2_gopigo_ws/build/robot_bringup': AMENT_PREFIX_PATH=/home/ROS2_gopigo_ws/install/robot_description:${AMENT_PREFIX_PATH} CMAKE_PREFIX_PATH=/home/ROS2_gopigo_ws/install/robot_description:/home/ROS2_rUBot_ws/install/robot_bringup:/home/ROS2_rUBot_ws/install/robot_description:/home/ROS2_rUBot_ws/install/my_robot_bringup:/home/ROS2_rUBot_ws/install/my_robot_description:/home/ROS2_rUBot_ws/install/rubot_description:/home/ROS2_rUBot_ws/install/rubot_control:/home/ROS2_rUBot_ws/install/ros2_tutorial:/opt/ros/humble /usr/bin/cmake --install /home/ROS2_gopigo_ws/build/robot_bringup
[0.063s] -- Install configuration: ""
[0.063s] -- Up-to-date: /home/ROS2_gopigo_ws/install/robot_bringup/share/robot_bringup//launch
[0.064s] -- Up-to-date: /home/ROS2_gopigo_ws/install/robot_bringup/share/robot_bringup//launch/gopigo3rp_gazebo.launch.xml
[0.064s] -- Up-to-date: /home/ROS2_gopigo_ws/install/robot_bringup/share/robot_bringup//launch/gpgMin_gazebo.launch.py
[0.064s] -- Installing: /home/ROS2_gopigo_ws/install/robot_bringup/share/robot_bringup//launch/gopigo3rp2_gazebo.launch.xml
[0.064s] -- Up-to-date: /home/ROS2_gopigo_ws/install/robot_bringup/share/robot_bringup//rviz
[0.064s] -- Up-to-date: /home/ROS2_gopigo_ws/install/robot_bringup/share/robot_bringup//rviz/urdf_base_config.rviz
[0.064s] -- Up-to-date: /home/ROS2_gopigo_ws/install/robot_bringup/share/robot_bringup//rviz/urdf_base_footprint_config.rviz
[0.064s] -- Up-to-date: /home/ROS2_gopigo_ws/install/robot_bringup/share/robot_bringup//worlds
[0.064s] -- Up-to-date: /home/ROS2_gopigo_ws/install/robot_bringup/share/robot_bringup//worlds/square.world
[0.064s] -- Up-to-date: /home/ROS2_gopigo_ws/install/robot_bringup/share/robot_bringup//worlds/test_world.world
[0.065s] -- Up-to-date: /home/ROS2_gopigo_ws/install/robot_bringup/share/ament_index/resource_index/package_run_dependencies/robot_bringup
[0.065s] -- Up-to-date: /home/ROS2_gopigo_ws/install/robot_bringup/share/ament_index/resource_index/parent_prefix_path/robot_bringup
[0.065s] -- Up-to-date: /home/ROS2_gopigo_ws/install/robot_bringup/share/robot_bringup/environment/ament_prefix_path.sh
[0.065s] -- Up-to-date: /home/ROS2_gopigo_ws/install/robot_bringup/share/robot_bringup/environment/ament_prefix_path.dsv
[0.065s] -- Up-to-date: /home/ROS2_gopigo_ws/install/robot_bringup/share/robot_bringup/environment/path.sh
[0.065s] -- Up-to-date: /home/ROS2_gopigo_ws/install/robot_bringup/share/robot_bringup/environment/path.dsv
[0.065s] -- Up-to-date: /home/ROS2_gopigo_ws/install/robot_bringup/share/robot_bringup/local_setup.bash
[0.065s] -- Up-to-date: /home/ROS2_gopigo_ws/install/robot_bringup/share/robot_bringup/local_setup.sh
[0.065s] -- Up-to-date: /home/ROS2_gopigo_ws/install/robot_bringup/share/robot_bringup/local_setup.zsh
[0.065s] -- Up-to-date: /home/ROS2_gopigo_ws/install/robot_bringup/share/robot_bringup/local_setup.dsv
[0.066s] -- Installing: /home/ROS2_gopigo_ws/install/robot_bringup/share/robot_bringup/package.dsv
[0.066s] -- Up-to-date: /home/ROS2_gopigo_ws/install/robot_bringup/share/ament_index/resource_index/packages/robot_bringup
[0.066s] -- Up-to-date: /home/ROS2_gopigo_ws/install/robot_bringup/share/robot_bringup/cmake/robot_bringupConfig.cmake
[0.066s] -- Up-to-date: /home/ROS2_gopigo_ws/install/robot_bringup/share/robot_bringup/cmake/robot_bringupConfig-version.cmake
[0.067s] -- Up-to-date: /home/ROS2_gopigo_ws/install/robot_bringup/share/robot_bringup/package.xml
[0.070s] Invoked command in '/home/ROS2_gopigo_ws/build/robot_bringup' returned '0': AMENT_PREFIX_PATH=/home/ROS2_gopigo_ws/install/robot_description:${AMENT_PREFIX_PATH} CMAKE_PREFIX_PATH=/home/ROS2_gopigo_ws/install/robot_description:/home/ROS2_rUBot_ws/install/robot_bringup:/home/ROS2_rUBot_ws/install/robot_description:/home/ROS2_rUBot_ws/install/my_robot_bringup:/home/ROS2_rUBot_ws/install/my_robot_description:/home/ROS2_rUBot_ws/install/rubot_description:/home/ROS2_rUBot_ws/install/rubot_control:/home/ROS2_rUBot_ws/install/ros2_tutorial:/opt/ros/humble /usr/bin/cmake --install /home/ROS2_gopigo_ws/build/robot_bringup
