[0.017s] Invoking command in '/home/ROS2_gopigo_ws/build/robot_description': CMAKE_PREFIX_PATH=${CMAKE_PREFIX_PATH}:/home/ROS2_rUBot_ws/install/rubot_description:/home/ROS2_rUBot_ws/install/rubot_control:/home/ROS2_rUBot_ws/install/ros2_tutorial:/opt/ros/humble /usr/bin/cmake --build /home/ROS2_gopigo_ws/build/robot_description -- -j8 -l8
[0.045s] Invoked command in '/home/ROS2_gopigo_ws/build/robot_description' returned '0': CMAKE_PREFIX_PATH=${CMAKE_PREFIX_PATH}:/home/ROS2_rUBot_ws/install/rubot_description:/home/ROS2_rUBot_ws/install/rubot_control:/home/ROS2_rUBot_ws/install/ros2_tutorial:/opt/ros/humble /usr/bin/cmake --build /home/ROS2_gopigo_ws/build/robot_description -- -j8 -l8
[0.072s] Invoking command in '/home/ROS2_gopigo_ws/build/robot_description': CMAKE_PREFIX_PATH=${CMAKE_PREFIX_PATH}:/home/ROS2_rUBot_ws/install/rubot_description:/home/ROS2_rUBot_ws/install/rubot_control:/home/ROS2_rUBot_ws/install/ros2_tutorial:/opt/ros/humble /usr/bin/cmake --install /home/ROS2_gopigo_ws/build/robot_description
[0.078s] -- Install configuration: ""
[0.078s] -- Up-to-date: /home/ROS2_gopigo_ws/install/robot_description/share/robot_description//urdf
[0.078s] -- Up-to-date: /home/ROS2_gopigo_ws/install/robot_description/share/robot_description//urdf/gpg_gazebo.urdf
[0.079s] -- Up-to-date: /home/ROS2_gopigo_ws/install/robot_description/share/robot_description//urdf/gopigo_xacro
[0.079s] -- Up-to-date: /home/ROS2_gopigo_ws/install/robot_description/share/robot_description//urdf/gopigo_xacro/gopigo3.urdf.xacro
[0.079s] -- Up-to-date: /home/ROS2_gopigo_ws/install/robot_description/share/robot_description//urdf/gopigo_xacro/common_properties.xacro
[0.079s] -- Up-to-date: /home/ROS2_gopigo_ws/install/robot_description/share/robot_description//urdf/gopigo_xacro/gopigo3.gazebo.xacro
[0.079s] -- Up-to-date: /home/ROS2_gopigo_ws/install/robot_description/share/robot_description//urdf/gpgMin_rviz.urdf
[0.079s] -- Up-to-date: /home/ROS2_gopigo_ws/install/robot_description/share/robot_description//urdf/gopigo3rp.urdf
[0.079s] -- Up-to-date: /home/ROS2_gopigo_ws/install/robot_description/share/robot_description//urdf/my_robot.urdf
[0.079s] -- Up-to-date: /home/ROS2_gopigo_ws/install/robot_description/share/robot_description//urdf/gpgMin_gazebo.urdf
[0.080s] -- Up-to-date: /home/ROS2_gopigo_ws/install/robot_description/share/robot_description//urdf/gopigoMinimal.urdf
[0.080s] -- Up-to-date: /home/ROS2_gopigo_ws/install/robot_description/share/robot_description//urdf/keith_gpg.urdf
[0.080s] -- Installing: /home/ROS2_gopigo_ws/install/robot_description/share/robot_description//urdf/gopigo3rp2.urdf
[0.080s] -- Up-to-date: /home/ROS2_gopigo_ws/install/robot_description/share/robot_description//urdf/gopigo3.urdf
[0.080s] -- Up-to-date: /home/ROS2_gopigo_ws/install/robot_description/share/robot_description//launch
[0.080s] -- Up-to-date: /home/ROS2_gopigo_ws/install/robot_description/share/robot_description//launch/display.launch.py
[0.080s] -- Up-to-date: /home/ROS2_gopigo_ws/install/robot_description/share/robot_description//launch/display.launch.xml
[0.080s] -- Up-to-date: /home/ROS2_gopigo_ws/install/robot_description/share/robot_description//rviz
[0.081s] -- Up-to-date: /home/ROS2_gopigo_ws/install/robot_description/share/robot_description//rviz/urdf_base_config.rviz
[0.081s] -- Up-to-date: /home/ROS2_gopigo_ws/install/robot_description/share/robot_description//meshes
[0.081s] -- Up-to-date: /home/ROS2_gopigo_ws/install/robot_description/share/robot_description//meshes/Lidar.stl
[0.081s] -- Up-to-date: /home/ROS2_gopigo_ws/install/robot_description/share/robot_description//meshes/GoPiGo3_Wheel.stl
[0.081s] -- Up-to-date: /home/ROS2_gopigo_ws/install/robot_description/share/robot_description//meshes/piCamera.stl
[0.081s] -- Up-to-date: /home/ROS2_gopigo_ws/install/robot_description/share/robot_description//meshes/sensors
[0.081s] -- Up-to-date: /home/ROS2_gopigo_ws/install/robot_description/share/robot_description//meshes/sensors/lds.stl
[0.081s] -- Up-to-date: /home/ROS2_gopigo_ws/install/robot_description/share/robot_description//meshes/sensors/piCamera.stl
[0.081s] -- Up-to-date: /home/ROS2_gopigo_ws/install/robot_description/share/robot_description//meshes/sensors/X4.stl
[0.081s] -- Up-to-date: /home/ROS2_gopigo_ws/install/robot_description/share/robot_description//meshes/sensors/IR_Sensor_Sharp_GP2Y_solid.stl
[0.081s] -- Installing: /home/ROS2_gopigo_ws/install/robot_description/share/robot_description//meshes/GoPiGo3_Body90.stl
[0.090s] -- Up-to-date: /home/ROS2_gopigo_ws/install/robot_description/share/robot_description//meshes/number2.stl
[0.091s] -- Up-to-date: /home/ROS2_gopigo_ws/install/robot_description/share/robot_description//meshes/GoPiGo3_Body.stl
[0.091s] -- Up-to-date: /home/ROS2_gopigo_ws/install/robot_description/share/ament_index/resource_index/package_run_dependencies/robot_description
[0.092s] -- Up-to-date: /home/ROS2_gopigo_ws/install/robot_description/share/ament_index/resource_index/parent_prefix_path/robot_description
[0.092s] -- Up-to-date: /home/ROS2_gopigo_ws/install/robot_description/share/robot_description/environment/ament_prefix_path.sh
[0.092s] -- Up-to-date: /home/ROS2_gopigo_ws/install/robot_description/share/robot_description/environment/ament_prefix_path.dsv
[0.092s] -- Up-to-date: /home/ROS2_gopigo_ws/install/robot_description/share/robot_description/environment/path.sh
[0.093s] -- Up-to-date: /home/ROS2_gopigo_ws/install/robot_description/share/robot_description/environment/path.dsv
[0.093s] -- Up-to-date: /home/ROS2_gopigo_ws/install/robot_description/share/robot_description/local_setup.bash
[0.093s] -- Up-to-date: /home/ROS2_gopigo_ws/install/robot_description/share/robot_description/local_setup.sh
[0.093s] -- Up-to-date: /home/ROS2_gopigo_ws/install/robot_description/share/robot_description/local_setup.zsh
[0.094s] -- Up-to-date: /home/ROS2_gopigo_ws/install/robot_description/share/robot_description/local_setup.dsv
[0.095s] -- Installing: /home/ROS2_gopigo_ws/install/robot_description/share/robot_description/package.dsv
[0.095s] -- Up-to-date: /home/ROS2_gopigo_ws/install/robot_description/share/ament_index/resource_index/packages/robot_description
[0.096s] -- Up-to-date: /home/ROS2_gopigo_ws/install/robot_description/share/robot_description/cmake/robot_descriptionConfig.cmake
[0.096s] -- Up-to-date: /home/ROS2_gopigo_ws/install/robot_description/share/robot_description/cmake/robot_descriptionConfig-version.cmake
[0.096s] -- Up-to-date: /home/ROS2_gopigo_ws/install/robot_description/share/robot_description/package.xml
[0.096s] Invoked command in '/home/ROS2_gopigo_ws/build/robot_description' returned '0': CMAKE_PREFIX_PATH=${CMAKE_PREFIX_PATH}:/home/ROS2_rUBot_ws/install/rubot_description:/home/ROS2_rUBot_ws/install/rubot_control:/home/ROS2_rUBot_ws/install/ros2_tutorial:/opt/ros/humble /usr/bin/cmake --install /home/ROS2_gopigo_ws/build/robot_description
