[0.009s] Invoking command in '/home/ROS2_gopigo_ws/build/robot_bringup': AMENT_PREFIX_PATH=/home/ROS2_gopigo_ws/install/robot_description:${AMENT_PREFIX_PATH} CMAKE_PREFIX_PATH=/home/ROS2_gopigo_ws/install/robot_description:/home/ROS2_rUBot_tutorial_ws/install/robot_bringup:/home/ROS2_rUBot_tutorial_ws/install/robot_description:/home/ROS2_rUBot_tutorial_ws/install/ros2_tutorial:/opt/ros/humble /usr/bin/cmake /home/ROS2_gopigo_ws/src/robot_bringup -DCMAKE_INSTALL_PREFIX=/home/ROS2_gopigo_ws/install/robot_bringup
[0.047s] -- The C compiler identification is GNU 11.4.0
[0.087s] -- The CXX compiler identification is GNU 11.4.0
[0.092s] -- Detecting C compiler ABI info
[0.140s] -- Detecting C compiler ABI info - done
[0.146s] -- Check for working C compiler: /usr/bin/cc - skipped
[0.146s] -- Detecting C compile features
[0.146s] -- Detecting C compile features - done
[0.149s] -- Detecting CXX compiler ABI info
[0.206s] -- Detecting CXX compiler ABI info - done
[0.212s] -- Check for working CXX compiler: /usr/bin/c++ - skipped
[0.213s] -- Detecting CXX compile features
[0.213s] -- Detecting CXX compile features - done
[0.215s] -- Found ament_cmake: 1.3.5 (/opt/ros/humble/share/ament_cmake/cmake)
[0.350s] -- Found Python3: /usr/bin/python3.10 (found version "3.10.12") found components: Interpreter 
[0.494s] -- Configuring done
[0.497s] -- Generating done
[0.498s] -- Build files have been written to: /home/ROS2_gopigo_ws/build/robot_bringup
[0.503s] Invoked command in '/home/ROS2_gopigo_ws/build/robot_bringup' returned '0': AMENT_PREFIX_PATH=/home/ROS2_gopigo_ws/install/robot_description:${AMENT_PREFIX_PATH} CMAKE_PREFIX_PATH=/home/ROS2_gopigo_ws/install/robot_description:/home/ROS2_rUBot_tutorial_ws/install/robot_bringup:/home/ROS2_rUBot_tutorial_ws/install/robot_description:/home/ROS2_rUBot_tutorial_ws/install/ros2_tutorial:/opt/ros/humble /usr/bin/cmake /home/ROS2_gopigo_ws/src/robot_bringup -DCMAKE_INSTALL_PREFIX=/home/ROS2_gopigo_ws/install/robot_bringup
[0.503s] Invoking command in '/home/ROS2_gopigo_ws/build/robot_bringup': AMENT_PREFIX_PATH=/home/ROS2_gopigo_ws/install/robot_description:${AMENT_PREFIX_PATH} CMAKE_PREFIX_PATH=/home/ROS2_gopigo_ws/install/robot_description:/home/ROS2_rUBot_tutorial_ws/install/robot_bringup:/home/ROS2_rUBot_tutorial_ws/install/robot_description:/home/ROS2_rUBot_tutorial_ws/install/ros2_tutorial:/opt/ros/humble /usr/bin/cmake --build /home/ROS2_gopigo_ws/build/robot_bringup -- -j8 -l8
[0.528s] Invoked command in '/home/ROS2_gopigo_ws/build/robot_bringup' returned '0': AMENT_PREFIX_PATH=/home/ROS2_gopigo_ws/install/robot_description:${AMENT_PREFIX_PATH} CMAKE_PREFIX_PATH=/home/ROS2_gopigo_ws/install/robot_description:/home/ROS2_rUBot_tutorial_ws/install/robot_bringup:/home/ROS2_rUBot_tutorial_ws/install/robot_description:/home/ROS2_rUBot_tutorial_ws/install/ros2_tutorial:/opt/ros/humble /usr/bin/cmake --build /home/ROS2_gopigo_ws/build/robot_bringup -- -j8 -l8
[0.543s] Invoking command in '/home/ROS2_gopigo_ws/build/robot_bringup': AMENT_PREFIX_PATH=/home/ROS2_gopigo_ws/install/robot_description:${AMENT_PREFIX_PATH} CMAKE_PREFIX_PATH=/home/ROS2_gopigo_ws/install/robot_description:/home/ROS2_rUBot_tutorial_ws/install/robot_bringup:/home/ROS2_rUBot_tutorial_ws/install/robot_description:/home/ROS2_rUBot_tutorial_ws/install/ros2_tutorial:/opt/ros/humble /usr/bin/cmake --install /home/ROS2_gopigo_ws/build/robot_bringup
[0.547s] -- Install configuration: ""
[0.548s] -- Up-to-date: /home/ROS2_gopigo_ws/install/robot_bringup/share/robot_bringup//launch
[0.548s] -- Up-to-date: /home/ROS2_gopigo_ws/install/robot_bringup/share/robot_bringup//launch/gopigo3rp_gazebo.launch.xml
[0.548s] -- Up-to-date: /home/ROS2_gopigo_ws/install/robot_bringup/share/robot_bringup//launch/gopigo3rp_urdf_gazebo.launch.xml
[0.548s] -- Up-to-date: /home/ROS2_gopigo_ws/install/robot_bringup/share/robot_bringup//launch/gpgMin_urdf_gazebo.launch.xml
[0.548s] -- Up-to-date: /home/ROS2_gopigo_ws/install/robot_bringup/share/robot_bringup//rviz
[0.548s] -- Up-to-date: /home/ROS2_gopigo_ws/install/robot_bringup/share/robot_bringup//rviz/urdf_base_config.rviz
[0.548s] -- Up-to-date: /home/ROS2_gopigo_ws/install/robot_bringup/share/robot_bringup//rviz/urdf_base_footprint_config.rviz
[0.549s] -- Up-to-date: /home/ROS2_gopigo_ws/install/robot_bringup/share/robot_bringup//worlds
[0.549s] -- Up-to-date: /home/ROS2_gopigo_ws/install/robot_bringup/share/robot_bringup//worlds/square.world
[0.549s] -- Up-to-date: /home/ROS2_gopigo_ws/install/robot_bringup/share/robot_bringup//worlds/test_world.world
[0.549s] -- Installing: /home/ROS2_gopigo_ws/install/robot_bringup/share/ament_index/resource_index/package_run_dependencies/robot_bringup
[0.549s] -- Installing: /home/ROS2_gopigo_ws/install/robot_bringup/share/ament_index/resource_index/parent_prefix_path/robot_bringup
[0.550s] -- Installing: /home/ROS2_gopigo_ws/install/robot_bringup/share/robot_bringup/environment/ament_prefix_path.sh
[0.550s] -- Installing: /home/ROS2_gopigo_ws/install/robot_bringup/share/robot_bringup/environment/ament_prefix_path.dsv
[0.550s] -- Installing: /home/ROS2_gopigo_ws/install/robot_bringup/share/robot_bringup/environment/path.sh
[0.550s] -- Installing: /home/ROS2_gopigo_ws/install/robot_bringup/share/robot_bringup/environment/path.dsv
[0.550s] -- Installing: /home/ROS2_gopigo_ws/install/robot_bringup/share/robot_bringup/local_setup.bash
[0.550s] -- Installing: /home/ROS2_gopigo_ws/install/robot_bringup/share/robot_bringup/local_setup.sh
[0.550s] -- Installing: /home/ROS2_gopigo_ws/install/robot_bringup/share/robot_bringup/local_setup.zsh
[0.550s] -- Installing: /home/ROS2_gopigo_ws/install/robot_bringup/share/robot_bringup/local_setup.dsv
[0.550s] -- Installing: /home/ROS2_gopigo_ws/install/robot_bringup/share/robot_bringup/package.dsv
[0.550s] -- Installing: /home/ROS2_gopigo_ws/install/robot_bringup/share/ament_index/resource_index/packages/robot_bringup
[0.551s] -- Installing: /home/ROS2_gopigo_ws/install/robot_bringup/share/robot_bringup/cmake/robot_bringupConfig.cmake
[0.551s] -- Installing: /home/ROS2_gopigo_ws/install/robot_bringup/share/robot_bringup/cmake/robot_bringupConfig-version.cmake
[0.554s] -- Up-to-date: /home/ROS2_gopigo_ws/install/robot_bringup/share/robot_bringup/package.xml
[0.554s] Invoked command in '/home/ROS2_gopigo_ws/build/robot_bringup' returned '0': AMENT_PREFIX_PATH=/home/ROS2_gopigo_ws/install/robot_description:${AMENT_PREFIX_PATH} CMAKE_PREFIX_PATH=/home/ROS2_gopigo_ws/install/robot_description:/home/ROS2_rUBot_tutorial_ws/install/robot_bringup:/home/ROS2_rUBot_tutorial_ws/install/robot_description:/home/ROS2_rUBot_tutorial_ws/install/ros2_tutorial:/opt/ros/humble /usr/bin/cmake --install /home/ROS2_gopigo_ws/build/robot_bringup
