-- Install configuration: ""
-- Up-to-date: /home/ROS2_gopigo_ws/install/robot_bringup/share/robot_bringup//launch
-- Up-to-date: /home/ROS2_gopigo_ws/install/robot_bringup/share/robot_bringup//launch/gopigo3rp_gazebo.launch.xml
-- Up-to-date: /home/ROS2_gopigo_ws/install/robot_bringup/share/robot_bringup//launch/gopigo3rp_urdf_gazebo.launch.xml
-- Installing: /home/ROS2_gopigo_ws/install/robot_bringup/share/robot_bringup//launch/gpgMin_urdf_gazebo.launch.xml
-- Up-to-date: /home/ROS2_gopigo_ws/install/robot_bringup/share/robot_bringup//rviz
-- Up-to-date: /home/ROS2_gopigo_ws/install/robot_bringup/share/robot_bringup//rviz/urdf_base_config.rviz
-- Up-to-date: /home/ROS2_gopigo_ws/install/robot_bringup/share/robot_bringup//rviz/urdf_base_footprint_config.rviz
-- Up-to-date: /home/ROS2_gopigo_ws/install/robot_bringup/share/robot_bringup//worlds
-- Up-to-date: /home/ROS2_gopigo_ws/install/robot_bringup/share/robot_bringup//worlds/square.world
-- Up-to-date: /home/ROS2_gopigo_ws/install/robot_bringup/share/robot_bringup//worlds/test_world.world
-- Up-to-date: /home/ROS2_gopigo_ws/install/robot_bringup/share/ament_index/resource_index/package_run_dependencies/robot_bringup
-- Up-to-date: /home/ROS2_gopigo_ws/install/robot_bringup/share/ament_index/resource_index/parent_prefix_path/robot_bringup
-- Up-to-date: /home/ROS2_gopigo_ws/install/robot_bringup/share/robot_bringup/environment/ament_prefix_path.sh
-- Up-to-date: /home/ROS2_gopigo_ws/install/robot_bringup/share/robot_bringup/environment/ament_prefix_path.dsv
-- Up-to-date: /home/ROS2_gopigo_ws/install/robot_bringup/share/robot_bringup/environment/path.sh
-- Up-to-date: /home/ROS2_gopigo_ws/install/robot_bringup/share/robot_bringup/environment/path.dsv
-- Up-to-date: /home/ROS2_gopigo_ws/install/robot_bringup/share/robot_bringup/local_setup.bash
-- Up-to-date: /home/ROS2_gopigo_ws/install/robot_bringup/share/robot_bringup/local_setup.sh
-- Up-to-date: /home/ROS2_gopigo_ws/install/robot_bringup/share/robot_bringup/local_setup.zsh
-- Up-to-date: /home/ROS2_gopigo_ws/install/robot_bringup/share/robot_bringup/local_setup.dsv
-- Installing: /home/ROS2_gopigo_ws/install/robot_bringup/share/robot_bringup/package.dsv
-- Up-to-date: /home/ROS2_gopigo_ws/install/robot_bringup/share/ament_index/resource_index/packages/robot_bringup
-- Up-to-date: /home/ROS2_gopigo_ws/install/robot_bringup/share/robot_bringup/cmake/robot_bringupConfig.cmake
-- Up-to-date: /home/ROS2_gopigo_ws/install/robot_bringup/share/robot_bringup/cmake/robot_bringupConfig-version.cmake
-- Up-to-date: /home/ROS2_gopigo_ws/install/robot_bringup/share/robot_bringup/package.xml
