[0.015s] Invoking command in '/home/ROS2_gopigo_ws/build/robot_description': CMAKE_PREFIX_PATH=${CMAKE_PREFIX_PATH}:/home/ROS2_rUBot_ws/install/rubot_description:/home/ROS2_rUBot_ws/install/rubot_control:/home/ROS2_rUBot_ws/install/ros2_tutorial:/opt/ros/humble /usr/bin/cmake --build /home/ROS2_gopigo_ws/build/robot_description -- -j8 -l8
[0.036s] Invoked command in '/home/ROS2_gopigo_ws/build/robot_description' returned '0': CMAKE_PREFIX_PATH=${CMAKE_PREFIX_PATH}:/home/ROS2_rUBot_ws/install/rubot_description:/home/ROS2_rUBot_ws/install/rubot_control:/home/ROS2_rUBot_ws/install/ros2_tutorial:/opt/ros/humble /usr/bin/cmake --build /home/ROS2_gopigo_ws/build/robot_description -- -j8 -l8
[0.055s] Invoking command in '/home/ROS2_gopigo_ws/build/robot_description': CMAKE_PREFIX_PATH=${CMAKE_PREFIX_PATH}:/home/ROS2_rUBot_ws/install/rubot_description:/home/ROS2_rUBot_ws/install/rubot_control:/home/ROS2_rUBot_ws/install/ros2_tutorial:/opt/ros/humble /usr/bin/cmake --install /home/ROS2_gopigo_ws/build/robot_description
[0.059s] -- Install configuration: ""
[0.060s] -- Up-to-date: /home/ROS2_gopigo_ws/install/robot_description/share/robot_description//urdf
[0.060s] -- Up-to-date: /home/ROS2_gopigo_ws/install/robot_description/share/robot_description//urdf/xacro
[0.061s] -- Up-to-date: /home/ROS2_gopigo_ws/install/robot_description/share/robot_description//urdf/xacro/arm.xacro
[0.061s] -- Up-to-date: /home/ROS2_gopigo_ws/install/robot_description/share/robot_description//urdf/xacro/mobile_base.xacro
[0.061s] -- Up-to-date: /home/ROS2_gopigo_ws/install/robot_description/share/robot_description//urdf/xacro/my_robot.urdf
[0.061s] -- Up-to-date: /home/ROS2_gopigo_ws/install/robot_description/share/robot_description//urdf/xacro/camera.xacro
[0.061s] -- Up-to-date: /home/ROS2_gopigo_ws/install/robot_description/share/robot_description//urdf/xacro/standalone_arm.urdf.xacro
[0.061s] -- Up-to-date: /home/ROS2_gopigo_ws/install/robot_description/share/robot_description//urdf/xacro/mobile_base_gazebo.xacro
[0.061s] -- Up-to-date: /home/ROS2_gopigo_ws/install/robot_description/share/robot_description//urdf/xacro/common_properties.xacro
[0.061s] -- Up-to-date: /home/ROS2_gopigo_ws/install/robot_description/share/robot_description//urdf/xacro/my_robot.urdf.xacro
[0.061s] -- Up-to-date: /home/ROS2_gopigo_ws/install/robot_description/share/robot_description//urdf/xacro/arm_gazebo.xacro
[0.062s] -- Up-to-date: /home/ROS2_gopigo_ws/install/robot_description/share/robot_description//urdf/gpgMin.urdf
[0.062s] -- Up-to-date: /home/ROS2_gopigo_ws/install/robot_description/share/robot_description//urdf/gopigo3rp.urdf
[0.063s] -- Up-to-date: /home/ROS2_gopigo_ws/install/robot_description/share/robot_description//urdf/gopigoMinimal.urdf
[0.063s] -- Up-to-date: /home/ROS2_gopigo_ws/install/robot_description/share/robot_description//urdf/keith_gpg.urdf
[0.064s] -- Up-to-date: /home/ROS2_gopigo_ws/install/robot_description/share/robot_description//urdf/gopigo3.urdf
[0.064s] -- Up-to-date: /home/ROS2_gopigo_ws/install/robot_description/share/robot_description//launch
[0.065s] -- Up-to-date: /home/ROS2_gopigo_ws/install/robot_description/share/robot_description//launch/display.launch.py
[0.066s] -- Up-to-date: /home/ROS2_gopigo_ws/install/robot_description/share/robot_description//launch/display.launch.xml
[0.067s] -- Up-to-date: /home/ROS2_gopigo_ws/install/robot_description/share/robot_description//rviz
[0.067s] -- Up-to-date: /home/ROS2_gopigo_ws/install/robot_description/share/robot_description//rviz/urdf_base_config.rviz
[0.067s] -- Up-to-date: /home/ROS2_gopigo_ws/install/robot_description/share/robot_description//meshes
[0.067s] -- Up-to-date: /home/ROS2_gopigo_ws/install/robot_description/share/robot_description//meshes/Lidar.stl
[0.067s] -- Up-to-date: /home/ROS2_gopigo_ws/install/robot_description/share/robot_description//meshes/GoPiGo3_Wheel.stl
[0.067s] -- Up-to-date: /home/ROS2_gopigo_ws/install/robot_description/share/robot_description//meshes/piCamera.stl
[0.067s] -- Up-to-date: /home/ROS2_gopigo_ws/install/robot_description/share/robot_description//meshes/number2.stl
[0.068s] -- Up-to-date: /home/ROS2_gopigo_ws/install/robot_description/share/robot_description//meshes/GoPiGo3_Body.stl
[0.068s] -- Up-to-date: /home/ROS2_gopigo_ws/install/robot_description/share/ament_index/resource_index/package_run_dependencies/robot_description
[0.068s] -- Up-to-date: /home/ROS2_gopigo_ws/install/robot_description/share/ament_index/resource_index/parent_prefix_path/robot_description
[0.068s] -- Up-to-date: /home/ROS2_gopigo_ws/install/robot_description/share/robot_description/environment/ament_prefix_path.sh
[0.068s] -- Up-to-date: /home/ROS2_gopigo_ws/install/robot_description/share/robot_description/environment/ament_prefix_path.dsv
[0.068s] -- Up-to-date: /home/ROS2_gopigo_ws/install/robot_description/share/robot_description/environment/path.sh
[0.068s] -- Up-to-date: /home/ROS2_gopigo_ws/install/robot_description/share/robot_description/environment/path.dsv
[0.069s] -- Up-to-date: /home/ROS2_gopigo_ws/install/robot_description/share/robot_description/local_setup.bash
[0.069s] -- Up-to-date: /home/ROS2_gopigo_ws/install/robot_description/share/robot_description/local_setup.sh
[0.069s] -- Up-to-date: /home/ROS2_gopigo_ws/install/robot_description/share/robot_description/local_setup.zsh
[0.069s] -- Up-to-date: /home/ROS2_gopigo_ws/install/robot_description/share/robot_description/local_setup.dsv
[0.070s] -- Installing: /home/ROS2_gopigo_ws/install/robot_description/share/robot_description/package.dsv
[0.070s] -- Up-to-date: /home/ROS2_gopigo_ws/install/robot_description/share/ament_index/resource_index/packages/robot_description
[0.070s] -- Up-to-date: /home/ROS2_gopigo_ws/install/robot_description/share/robot_description/cmake/robot_descriptionConfig.cmake
[0.070s] -- Up-to-date: /home/ROS2_gopigo_ws/install/robot_description/share/robot_description/cmake/robot_descriptionConfig-version.cmake
[0.070s] -- Up-to-date: /home/ROS2_gopigo_ws/install/robot_description/share/robot_description/package.xml
[0.071s] Invoked command in '/home/ROS2_gopigo_ws/build/robot_description' returned '0': CMAKE_PREFIX_PATH=${CMAKE_PREFIX_PATH}:/home/ROS2_rUBot_ws/install/rubot_description:/home/ROS2_rUBot_ws/install/rubot_control:/home/ROS2_rUBot_ws/install/ros2_tutorial:/opt/ros/humble /usr/bin/cmake --install /home/ROS2_gopigo_ws/build/robot_description
